<?xml version="1.0" encoding="UTF-8"?>
<testsuite name="koin.controllers.ControllerTest" tests="88" skipped="0" failures="0" errors="0" timestamp="2023-02-05T16:16:31" hostname="LOLI-LAPTOP" time="77.81">
  <properties/>
  <testcase name="findPedidoNotExistsById()" classname="koin.controllers.ControllerTest" time="1.965"/>
  <testcase name="createUserIncorrect()" classname="koin.controllers.ControllerTest" time="0.272"/>
  <testcase name="deleteUserIncorrectToken()" classname="koin.controllers.ControllerTest" time="0.102"/>
  <testcase name="createTurnoIncorrect()" classname="koin.controllers.ControllerTest" time="0.109"/>
  <testcase name="findAllUsersSuccess()" classname="koin.controllers.ControllerTest" time="0.485"/>
  <testcase name="findAllTurnosError()" classname="koin.controllers.ControllerTest" time="0.023"/>
  <testcase name="setFinalizadoTurnoIncorrectToken()" classname="koin.controllers.ControllerTest" time="0.02"/>
  <testcase name="deleteTurnoIncorrectNull()" classname="koin.controllers.ControllerTest" time="0.032"/>
  <testcase name="createMaquinaCorrect()" classname="koin.controllers.ControllerTest" time="0.135"/>
  <testcase name="deleteProductoCorrect()" classname="koin.controllers.ControllerTest" time="0.074"/>
  <testcase name="setInactiveUserIncorrectNull()" classname="koin.controllers.ControllerTest" time="0.021"/>
  <testcase name="createTareaCorrect()" classname="koin.controllers.ControllerTest" time="2.857"/>
  <testcase name="deleteTurnoIncorrect()" classname="koin.controllers.ControllerTest" time="0.021"/>
  <testcase name="createProductoCorrect()" classname="koin.controllers.ControllerTest" time="0.016"/>
  <testcase name="decreaseStockProductoCorrect()" classname="koin.controllers.ControllerTest" time="0.049"/>
  <testcase name="findMaquinaById()" classname="koin.controllers.ControllerTest" time="0.014"/>
  <testcase name="setInactiveMaquinaIncorrectToken()" classname="koin.controllers.ControllerTest" time="0.019"/>
  <testcase name="deleteMaquinaCorrect()" classname="koin.controllers.ControllerTest" time="0.027"/>
  <testcase name="setFinalizadaTareaIncorrectToken()" classname="koin.controllers.ControllerTest" time="0.02"/>
  <testcase name="createPedidoCorrect()" classname="koin.controllers.ControllerTest" time="0.572"/>
  <testcase name="setInactiveMaquinaIncorrectNull()" classname="koin.controllers.ControllerTest" time="0.014"/>
  <testcase name="deleteMaquinaIncorrectToken()" classname="koin.controllers.ControllerTest" time="0.013"/>
  <testcase name="deleteMaquinaIncorrect()" classname="koin.controllers.ControllerTest" time="0.015"/>
  <testcase name="setInactiveMaquinaCorrect()" classname="koin.controllers.ControllerTest" time="0.015"/>
  <testcase name="deleteTareaIncorrectNull()" classname="koin.controllers.ControllerTest" time="0.014"/>
  <testcase name="findAllTareasSuccess()" classname="koin.controllers.ControllerTest" time="0.052"/>
  <testcase name="findAllPedidosError()" classname="koin.controllers.ControllerTest" time="0.014"/>
  <testcase name="setFinalizadoTurnoCorrect()" classname="koin.controllers.ControllerTest" time="0.203"/>
  <testcase name="findAllProductosError()" classname="koin.controllers.ControllerTest" time="0.015"/>
  <testcase name="findAllPedidosSuccess()" classname="koin.controllers.ControllerTest" time="0.107"/>
  <testcase name="findUserNotExistsByUUID()" classname="koin.controllers.ControllerTest" time="0.012"/>
  <testcase name="findTareaById()" classname="koin.controllers.ControllerTest" time="0.051"/>
  <testcase name="deleteProductoIncorrect()" classname="koin.controllers.ControllerTest" time="0.015"/>
  <testcase name="setFinalizadaTareaIncorrectNull()" classname="koin.controllers.ControllerTest" time="0.014"/>
  <testcase name="deleteTareaCorrect()" classname="koin.controllers.ControllerTest" time="0.053"/>
  <testcase name="findAllTareasError()" classname="koin.controllers.ControllerTest" time="0.009"/>
  <testcase name="deletePedidoIncorrect()" classname="koin.controllers.ControllerTest" time="0.015"/>
  <testcase name="setFinalizadoTurnoIncorrectNull()" classname="koin.controllers.ControllerTest" time="0.014"/>
  <testcase name="createPedidoIncorrect()" classname="koin.controllers.ControllerTest" time="0.008"/>
  <testcase name="deleteTareaIncorrectToken()" classname="koin.controllers.ControllerTest" time="0.011"/>
  <testcase name="findUserById()" classname="koin.controllers.ControllerTest" time="0.014"/>
  <testcase name="decreaseStockProductoIncorrectToken()" classname="koin.controllers.ControllerTest" time="0.017"/>
  <testcase name="findAllMaquinasSuccess()" classname="koin.controllers.ControllerTest" time="0.014"/>
  <testcase name="findTurnoNotExistsById()" classname="koin.controllers.ControllerTest" time="0.013"/>
  <testcase name="createPedidoIncorrectToken()" classname="koin.controllers.ControllerTest" time="0.007"/>
  <testcase name="deleteMaquinaIncorrectNull()" classname="koin.controllers.ControllerTest" time="0.038"/>
  <testcase name="findUserByUUID()" classname="koin.controllers.ControllerTest" time="0.009"/>
  <testcase name="createMaquinaIncorrectToken()" classname="koin.controllers.ControllerTest" time="0.015"/>
  <testcase name="createProductoIncorrectToken()" classname="koin.controllers.ControllerTest" time="0.025"/>
  <testcase name="findTurnoById()" classname="koin.controllers.ControllerTest" time="0.17"/>
  <testcase name="findAllTurnosSuccess()" classname="koin.controllers.ControllerTest" time="0.145"/>
  <testcase name="deleteUserIncorrect()" classname="koin.controllers.ControllerTest" time="0.012"/>
  <testcase name="setInactiveUserIncorrectToken()" classname="koin.controllers.ControllerTest" time="0.016"/>
  <testcase name="deletePedidoIncorrectNull()" classname="koin.controllers.ControllerTest" time="0.022"/>
  <testcase name="createTareaIncorrectToken()" classname="koin.controllers.ControllerTest" time="0.012"/>
  <testcase name="findPedidoById()" classname="koin.controllers.ControllerTest" time="0.097"/>
  <testcase name="findAllProductosSuccess()" classname="koin.controllers.ControllerTest" time="0.01"/>
  <testcase name="setFinalizadaTareaIncorrect()" classname="koin.controllers.ControllerTest" time="0.014"/>
  <testcase name="deleteTurnoIncorrectToken()" classname="koin.controllers.ControllerTest" time="0.021"/>
  <testcase name="setInactiveUserCorrect()" classname="koin.controllers.ControllerTest" time="0.012"/>
  <testcase name="setInactiveMaquinaIncorrect()" classname="koin.controllers.ControllerTest" time="0.011"/>
  <testcase name="createTurnoCorrect()" classname="koin.controllers.ControllerTest" time="0.386"/>
  <testcase name="findAllUsersError()" classname="koin.controllers.ControllerTest" time="0.013"/>
  <testcase name="findTareaNotExistsById()" classname="koin.controllers.ControllerTest" time="0.01"/>
  <testcase name="deleteProductoIncorrectToken()" classname="koin.controllers.ControllerTest" time="0.01"/>
  <testcase name="deleteUserCorrect()" classname="koin.controllers.ControllerTest" time="0.023"/>
  <testcase name="setFinalizadaTareaCorrect()" classname="koin.controllers.ControllerTest" time="0.065"/>
  <testcase name="findProductoById()" classname="koin.controllers.ControllerTest" time="0.018"/>
  <testcase name="deletePedidoCorrect()" classname="koin.controllers.ControllerTest" time="0.122"/>
  <testcase name="findProductoNotExistsById()" classname="koin.controllers.ControllerTest" time="0.007"/>
  <testcase name="setFinalizadoTurnoIncorrect()" classname="koin.controllers.ControllerTest" time="0.008"/>
  <testcase name="createMaquinaIncorrect()" classname="koin.controllers.ControllerTest" time="0.009"/>
  <testcase name="createTurnoIncorrectToken()" classname="koin.controllers.ControllerTest" time="0.007"/>
  <testcase name="createTareaIncorrect()" classname="koin.controllers.ControllerTest" time="0.008"/>
  <testcase name="deleteUserIncorrectNull()" classname="koin.controllers.ControllerTest" time="0.015"/>
  <testcase name="findUserNotExistsById()" classname="koin.controllers.ControllerTest" time="0.012"/>
  <testcase name="decreaseStockProductoIncorrect()" classname="koin.controllers.ControllerTest" time="0.021"/>
  <testcase name="deletePedidoIncorrectToken()" classname="koin.controllers.ControllerTest" time="0.014"/>
  <testcase name="createUserCorrect()" classname="koin.controllers.ControllerTest" time="0.458"/>
  <testcase name="decreaseStockProductoIncorrectNull()" classname="koin.controllers.ControllerTest" time="0.011"/>
  <testcase name="deleteTurnoCorrect()" classname="koin.controllers.ControllerTest" time="0.144"/>
  <testcase name="findAllMaquinasError()" classname="koin.controllers.ControllerTest" time="0.007"/>
  <testcase name="deleteTareaIncorrect()" classname="koin.controllers.ControllerTest" time="0.014"/>
  <testcase name="setInactiveUserIncorrect()" classname="koin.controllers.ControllerTest" time="0.017"/>
  <testcase name="createUserIncorrectToken()" classname="koin.controllers.ControllerTest" time="0.015"/>
  <testcase name="createProductoIncorrect()" classname="koin.controllers.ControllerTest" time="0.008"/>
  <testcase name="deleteProductoIncorrectNull()" classname="koin.controllers.ControllerTest" time="0.014"/>
  <testcase name="findMaquinaNotExistsById()" classname="koin.controllers.ControllerTest" time="0.031"/>
  <system-out><![CDATA[17:16:29.404 [Test worker] DEBUG io.mockk.impl.instantiation.AbstractMockFactory - Creating mockk for MaquinaRepositoryCached name=repoM#1
17:16:30.615 [Test worker] DEBUG io.mockk.impl.instantiation.AbstractMockFactory - Creating mockk for PedidoRepositoryCached name=repoPedido#2
17:16:30.812 [Test worker] DEBUG io.mockk.impl.instantiation.AbstractMockFactory - Creating mockk for ProductoRepositoryCached name=repoProd#3
17:16:30.910 [Test worker] DEBUG io.mockk.impl.instantiation.AbstractMockFactory - Creating mockk for TareaRepositoryCached name=repoTarea#4
17:16:31.042 [Test worker] DEBUG io.mockk.impl.instantiation.AbstractMockFactory - Creating mockk for TurnoRepositoryCached name=repoTurno#5
17:16:31.104 [Test worker] DEBUG io.mockk.impl.instantiation.AbstractMockFactory - Creating mockk for UserRepositoryCached name=repoUser#6
17:16:32.711 [Test worker @coroutine#1] DEBUG io.mockk.impl.instantiation.AbstractMockFactory - Creating mockk for Pedido name=child of repoPedido#2#7
17:16:32.894 [DefaultDispatcher-worker-1 @coroutine#4] DEBUG io.mockk.impl.recording.states.AnsweringState - Answering null on PedidoRepositoryCached(repoPedido#2).findByUUID(0db66c87-092a-40ff-969e-101bb4378d30, continuation {})
17:16:34.798 [Test worker] DEBUG io.mockk.impl.instantiation.AbstractMockFactory - Creating mockk for MaquinaRepositoryCached name=repoM#8
17:16:34.800 [Test worker] DEBUG io.mockk.impl.instantiation.AbstractMockFactory - Creating mockk for PedidoRepositoryCached name=repoPedido#9
17:16:34.801 [Test worker] DEBUG io.mockk.impl.instantiation.AbstractMockFactory - Creating mockk for ProductoRepositoryCached name=repoProd#10
17:16:34.802 [Test worker] DEBUG io.mockk.impl.instantiation.AbstractMockFactory - Creating mockk for TareaRepositoryCached name=repoTarea#11
17:16:34.803 [Test worker] DEBUG io.mockk.impl.instantiation.AbstractMockFactory - Creating mockk for TurnoRepositoryCached name=repoTurno#12
17:16:34.805 [Test worker] DEBUG io.mockk.impl.instantiation.AbstractMockFactory - Creating mockk for UserRepositoryCached name=repoUser#13
17:16:34.983 [Test worker @coroutine#7] DEBUG io.mockk.impl.instantiation.AbstractMockFactory - Creating mockk for User name=child of repoUser#13#14
17:16:34.991 [Test worker @coroutine#7] DEBUG io.mockk.impl.instantiation.AbstractMockFactory - Creating mockk for User name=child of repoUser#13#15
17:16:34.995 [Test worker @coroutine#7] DEBUG io.mockk.impl.instantiation.AbstractMockFactory - Creating mockk for User name=child of repoUser#13#16
17:16:35.002 [Test worker @coroutine#7] DEBUG io.mockk.impl.instantiation.AbstractMockFactory - Creating mockk for User name=child of repoUser#13#17
17:16:36.290 [Test worker] DEBUG io.mockk.impl.instantiation.AbstractMockFactory - Creating mockk for MaquinaRepositoryCached name=repoM#18
17:16:36.291 [Test worker] DEBUG io.mockk.impl.instantiation.AbstractMockFactory - Creating mockk for PedidoRepositoryCached name=repoPedido#19
17:16:36.292 [Test worker] DEBUG io.mockk.impl.instantiation.AbstractMockFactory - Creating mockk for ProductoRepositoryCached name=repoProd#20
17:16:36.293 [Test worker] DEBUG io.mockk.impl.instantiation.AbstractMockFactory - Creating mockk for TareaRepositoryCached name=repoTarea#21
17:16:36.294 [Test worker] DEBUG io.mockk.impl.instantiation.AbstractMockFactory - Creating mockk for TurnoRepositoryCached name=repoTurno#22
17:16:36.296 [Test worker] DEBUG io.mockk.impl.instantiation.AbstractMockFactory - Creating mockk for UserRepositoryCached name=repoUser#23
17:16:36.320 [Test worker @coroutine#17] DEBUG io.mockk.impl.instantiation.AbstractMockFactory - Creating mockk for User name=child of repoUser#23#24
17:16:36.331 [Test worker @coroutine#17] DEBUG io.mockk.impl.instantiation.AbstractMockFactory - Creating mockk for User name=child of repoUser#23#25
17:16:37.424 [Test worker] DEBUG io.mockk.impl.instantiation.AbstractMockFactory - Creating mockk for MaquinaRepositoryCached name=repoM#26
17:16:37.425 [Test worker] DEBUG io.mockk.impl.instantiation.AbstractMockFactory - Creating mockk for PedidoRepositoryCached name=repoPedido#27
17:16:37.426 [Test worker] DEBUG io.mockk.impl.instantiation.AbstractMockFactory - Creating mockk for ProductoRepositoryCached name=repoProd#28
17:16:37.427 [Test worker] DEBUG io.mockk.impl.instantiation.AbstractMockFactory - Creating mockk for TareaRepositoryCached name=repoTarea#29
17:16:37.427 [Test worker] DEBUG io.mockk.impl.instantiation.AbstractMockFactory - Creating mockk for TurnoRepositoryCached name=repoTurno#30
17:16:37.428 [Test worker] DEBUG io.mockk.impl.instantiation.AbstractMockFactory - Creating mockk for UserRepositoryCached name=repoUser#31
17:16:37.533 [Test worker @coroutine#25] DEBUG io.mockk.impl.instantiation.AbstractMockFactory - Creating mockk for Turno name=child of repoTurno#30#32
17:16:39.100 [Test worker] DEBUG io.mockk.impl.instantiation.AbstractMockFactory - Creating mockk for MaquinaRepositoryCached name=repoM#33
17:16:39.101 [Test worker] DEBUG io.mockk.impl.instantiation.AbstractMockFactory - Creating mockk for PedidoRepositoryCached name=repoPedido#34
17:16:39.102 [Test worker] DEBUG io.mockk.impl.instantiation.AbstractMockFactory - Creating mockk for ProductoRepositoryCached name=repoProd#35
17:16:39.102 [Test worker] DEBUG io.mockk.impl.instantiation.AbstractMockFactory - Creating mockk for TareaRepositoryCached name=repoTarea#36
17:16:39.103 [Test worker] DEBUG io.mockk.impl.instantiation.AbstractMockFactory - Creating mockk for TurnoRepositoryCached name=repoTurno#37
17:16:39.103 [Test worker] DEBUG io.mockk.impl.instantiation.AbstractMockFactory - Creating mockk for UserRepositoryCached name=repoUser#38
17:16:39.496 [Test worker @coroutine#29] DEBUG io.mockk.impl.instantiation.AbstractMockFactory - Creating mockk for Flow name=child of repoUser#38#39
17:16:39.547 [DefaultDispatcher-worker-1 @coroutine#32] DEBUG io.mockk.impl.recording.states.AnsweringState - Answering kotlinx.coroutines.flow.FlowKt__BuildersKt$flowOf$$inlined$unsafeFlow$2@e75e91a on UserRepositoryCached(repoUser#38).findAll(continuation {})
17:16:40.587 [Test worker] DEBUG io.mockk.impl.instantiation.AbstractMockFactory - Creating mockk for MaquinaRepositoryCached name=repoM#40
17:16:40.587 [Test worker] DEBUG io.mockk.impl.instantiation.AbstractMockFactory - Creating mockk for PedidoRepositoryCached name=repoPedido#41
17:16:40.588 [Test worker] DEBUG io.mockk.impl.instantiation.AbstractMockFactory - Creating mockk for ProductoRepositoryCached name=repoProd#42
17:16:40.589 [Test worker] DEBUG io.mockk.impl.instantiation.AbstractMockFactory - Creating mockk for TareaRepositoryCached name=repoTarea#43
17:16:40.589 [Test worker] DEBUG io.mockk.impl.instantiation.AbstractMockFactory - Creating mockk for TurnoRepositoryCached name=repoTurno#44
17:16:40.590 [Test worker] DEBUG io.mockk.impl.instantiation.AbstractMockFactory - Creating mockk for UserRepositoryCached name=repoUser#45
17:16:40.599 [Test worker @coroutine#35] DEBUG io.mockk.impl.instantiation.AbstractMockFactory - Creating mockk for Flow name=child of repoTurno#44#46
17:16:40.607 [DefaultDispatcher-worker-1 @coroutine#38] DEBUG io.mockk.impl.recording.states.AnsweringState - Answering kotlinx.coroutines.flow.FlowKt__BuildersKt$flowOf$$inlined$unsafeFlow$1@71aa68bb on TurnoRepositoryCached(repoTurno#44).findAll(continuation {})
17:16:41.556 [Test worker] DEBUG io.mockk.impl.instantiation.AbstractMockFactory - Creating mockk for MaquinaRepositoryCached name=repoM#47
17:16:41.557 [Test worker] DEBUG io.mockk.impl.instantiation.AbstractMockFactory - Creating mockk for PedidoRepositoryCached name=repoPedido#48
17:16:41.557 [Test worker] DEBUG io.mockk.impl.instantiation.AbstractMockFactory - Creating mockk for ProductoRepositoryCached name=repoProd#49
17:16:41.558 [Test worker] DEBUG io.mockk.impl.instantiation.AbstractMockFactory - Creating mockk for TareaRepositoryCached name=repoTarea#50
17:16:41.558 [Test worker] DEBUG io.mockk.impl.instantiation.AbstractMockFactory - Creating mockk for TurnoRepositoryCached name=repoTurno#51
17:16:41.558 [Test worker] DEBUG io.mockk.impl.instantiation.AbstractMockFactory - Creating mockk for UserRepositoryCached name=repoUser#52
17:16:41.566 [Test worker @coroutine#41] DEBUG io.mockk.impl.instantiation.AbstractMockFactory - Creating mockk for Turno name=child of repoTurno#51#53
17:16:41.572 [Test worker @coroutine#41] DEBUG io.mockk.impl.instantiation.AbstractMockFactory - Creating mockk for Turno name=child of repoTurno#51#54
17:16:42.964 [Test worker] DEBUG io.mockk.impl.instantiation.AbstractMockFactory - Creating mockk for MaquinaRepositoryCached name=repoM#55
17:16:42.965 [Test worker] DEBUG io.mockk.impl.instantiation.AbstractMockFactory - Creating mockk for PedidoRepositoryCached name=repoPedido#56
17:16:42.965 [Test worker] DEBUG io.mockk.impl.instantiation.AbstractMockFactory - Creating mockk for ProductoRepositoryCached name=repoProd#57
17:16:42.966 [Test worker] DEBUG io.mockk.impl.instantiation.AbstractMockFactory - Creating mockk for TareaRepositoryCached name=repoTarea#58
17:16:42.967 [Test worker] DEBUG io.mockk.impl.instantiation.AbstractMockFactory - Creating mockk for TurnoRepositoryCached name=repoTurno#59
17:16:42.969 [Test worker] DEBUG io.mockk.impl.instantiation.AbstractMockFactory - Creating mockk for UserRepositoryCached name=repoUser#60
17:16:42.991 [Test worker @coroutine#49] DEBUG io.mockk.impl.instantiation.AbstractMockFactory - Creating mockk for Turno name=child of repoTurno#59#61
17:16:42.999 [Test worker @coroutine#49] DEBUG io.mockk.impl.instantiation.AbstractMockFactory - Creating mockk for Turno name=child of repoTurno#59#62
17:16:43.008 [DefaultDispatcher-worker-1 @coroutine#54] DEBUG io.mockk.impl.recording.states.AnsweringState - Answering Turno(id=63dfd66a1070f8213392bee5, uuid=93a98d69-0019-48a7-b34f-05b596ea8abc, workerId=93a98d69-0007-48a7-b34f-05b596ea839c, maquinaId=93a98d69-0008-48a7-b34f-05b596ea83bb, horaInicio=2002-10-14T10:09, horaFin=2002-10-14T16:49, numPedidosActivos=2, tarea1Id=93a98d69-0013-48a7-b34f-05b596ea83cc, tarea2Id=null, finalizado=false) on TurnoRepositoryCached(repoTurno#59).findByUUID(93a98d69-0019-48a7-b34f-05b596ea8abc, continuation {})
17:16:43.009 [DefaultDispatcher-worker-1 @coroutine#54] DEBUG io.mockk.impl.recording.states.AnsweringState - Answering null on TurnoRepositoryCached(repoTurno#59).delete(63dfd66a1070f8213392bee5, continuation {})
17:16:43.925 [Test worker] DEBUG io.mockk.impl.instantiation.AbstractMockFactory - Creating mockk for MaquinaRepositoryCached name=repoM#63
17:16:43.925 [Test worker] DEBUG io.mockk.impl.instantiation.AbstractMockFactory - Creating mockk for PedidoRepositoryCached name=repoPedido#64
17:16:43.926 [Test worker] DEBUG io.mockk.impl.instantiation.AbstractMockFactory - Creating mockk for ProductoRepositoryCached name=repoProd#65
17:16:43.926 [Test worker] DEBUG io.mockk.impl.instantiation.AbstractMockFactory - Creating mockk for TareaRepositoryCached name=repoTarea#66
17:16:43.927 [Test worker] DEBUG io.mockk.impl.instantiation.AbstractMockFactory - Creating mockk for TurnoRepositoryCached name=repoTurno#67
17:16:43.927 [Test worker] DEBUG io.mockk.impl.instantiation.AbstractMockFactory - Creating mockk for UserRepositoryCached name=repoUser#68
17:16:44.011 [Test worker @coroutine#57] DEBUG io.mockk.impl.instantiation.AbstractMockFactory - Creating mockk for Maquina name=child of repoM#63#69
17:16:44.019 [DefaultDispatcher-worker-3] DEBUG io.mockk.impl.recording.states.AnsweringState - Answering Maquina(id=63dfd66b1070f8213392beee, uuid=93a98d69-0008-48a7-b34f-05b596ea83bb, modelo=RTX-3080TI, marca=Nvidia, fechaAdquisicion=2022-11-10, numeroSerie=123456789X, tipo=PERSONALIZADORA, activa=true, isManual=null, maxTension=null, minTension=null, measuresManeuverability=true, measuresRigidity=false, measuresBalance=true) on MaquinaRepositoryCached(repoM#63).save(Maquina(id=63dfd66c1070f8213392bef0, uuid=93a98d69-6da6-48a7-b34f-05b596aaaaca, modelo=Encordadora Inicial, marca=Marca Inicial, fechaAdquisicion=2023-02-05, numeroSerie=123456789-XD, tipo=ENCORDADORA, activa=true, isManual=false, maxTension=7.0, minTension=2.5, measuresManeuverability=null, measuresRigidity=null, measuresBalance=null), continuation {})
17:16:44.782 [Test worker] DEBUG io.mockk.impl.instantiation.AbstractMockFactory - Creating mockk for MaquinaRepositoryCached name=repoM#70
17:16:44.783 [Test worker] DEBUG io.mockk.impl.instantiation.AbstractMockFactory - Creating mockk for PedidoRepositoryCached name=repoPedido#71
17:16:44.783 [Test worker] DEBUG io.mockk.impl.instantiation.AbstractMockFactory - Creating mockk for ProductoRepositoryCached name=repoProd#72
17:16:44.783 [Test worker] DEBUG io.mockk.impl.instantiation.AbstractMockFactory - Creating mockk for TareaRepositoryCached name=repoTarea#73
17:16:44.784 [Test worker] DEBUG io.mockk.impl.instantiation.AbstractMockFactory - Creating mockk for TurnoRepositoryCached name=repoTurno#74
17:16:44.787 [Test worker] DEBUG io.mockk.impl.instantiation.AbstractMockFactory - Creating mockk for UserRepositoryCached name=repoUser#75
17:16:44.848 [Test worker @coroutine#61] DEBUG io.mockk.impl.instantiation.AbstractMockFactory - Creating mockk for Producto name=child of repoProd#72#76
17:16:44.854 [Test worker @coroutine#61] DEBUG io.mockk.impl.instantiation.AbstractMockFactory - Creating mockk for Producto name=child of repoProd#72#77
17:16:44.860 [DefaultDispatcher-worker-3 @coroutine#66] DEBUG io.mockk.impl.recording.states.AnsweringState - Answering Producto(id=63dfd66c1070f8213392bef6, uuid=93a98d69-0004-48a7-b34f-05b596ea83aa, tipo=FUNDAS, marca=MarcaZ, modelo=ModeloZ, precio=36.4, stock=8) on ProductoRepositoryCached(repoProd#72).findByUUID(93a98d69-0004-48a7-b34f-05b596ea83aa, continuation {})
17:16:44.861 [DefaultDispatcher-worker-3 @coroutine#66] DEBUG io.mockk.impl.recording.states.AnsweringState - Answering Producto(id=63dfd66c1070f8213392bef6, uuid=93a98d69-0004-48a7-b34f-05b596ea83aa, tipo=FUNDAS, marca=MarcaZ, modelo=ModeloZ, precio=36.4, stock=8) on ProductoRepositoryCached(repoProd#72).delete(63dfd66c1070f8213392bef6, continuation {})
17:16:45.565 [Test worker] DEBUG io.mockk.impl.instantiation.AbstractMockFactory - Creating mockk for MaquinaRepositoryCached name=repoM#78
17:16:45.565 [Test worker] DEBUG io.mockk.impl.instantiation.AbstractMockFactory - Creating mockk for PedidoRepositoryCached name=repoPedido#79
17:16:45.566 [Test worker] DEBUG io.mockk.impl.instantiation.AbstractMockFactory - Creating mockk for ProductoRepositoryCached name=repoProd#80
17:16:45.566 [Test worker] DEBUG io.mockk.impl.instantiation.AbstractMockFactory - Creating mockk for TareaRepositoryCached name=repoTarea#81
17:16:45.567 [Test worker] DEBUG io.mockk.impl.instantiation.AbstractMockFactory - Creating mockk for TurnoRepositoryCached name=repoTurno#82
17:16:45.568 [Test worker] DEBUG io.mockk.impl.instantiation.AbstractMockFactory - Creating mockk for UserRepositoryCached name=repoUser#83
17:16:45.578 [Test worker @coroutine#69] DEBUG io.mockk.impl.instantiation.AbstractMockFactory - Creating mockk for User name=child of repoUser#83#84
17:16:45.581 [Test worker @coroutine#69] DEBUG io.mockk.impl.instantiation.AbstractMockFactory - Creating mockk for User name=child of repoUser#83#85
17:16:45.589 [DefaultDispatcher-worker-3 @coroutine#74] DEBUG io.mockk.impl.recording.states.AnsweringState - Answering User(id=63dfd66d1070f8213392befe, uuid=93a98d69-0006-48a7-b34f-05b596ea839a, nombre=Maria, apellido=Martinez, telefono=632120281, email=email2@email.com, password=contra, perfil=CLIENT, activo=true) on UserRepositoryCached(repoUser#83).findByUUID(93a98d69-0006-48a7-b34f-05b596ea839a, continuation {})
17:16:45.590 [DefaultDispatcher-worker-3 @coroutine#74] DEBUG io.mockk.impl.recording.states.AnsweringState - Answering null on UserRepositoryCached(repoUser#83).setInactive(63dfd66d1070f8213392befe, continuation {})
17:16:46.224 [Test worker] DEBUG io.mockk.impl.instantiation.AbstractMockFactory - Creating mockk for MaquinaRepositoryCached name=repoM#86
17:16:46.225 [Test worker] DEBUG io.mockk.impl.instantiation.AbstractMockFactory - Creating mockk for PedidoRepositoryCached name=repoPedido#87
17:16:46.225 [Test worker] DEBUG io.mockk.impl.instantiation.AbstractMockFactory - Creating mockk for ProductoRepositoryCached name=repoProd#88
17:16:46.225 [Test worker] DEBUG io.mockk.impl.instantiation.AbstractMockFactory - Creating mockk for TareaRepositoryCached name=repoTarea#89
17:16:46.226 [Test worker] DEBUG io.mockk.impl.instantiation.AbstractMockFactory - Creating mockk for TurnoRepositoryCached name=repoTurno#90
17:16:46.226 [Test worker] DEBUG io.mockk.impl.instantiation.AbstractMockFactory - Creating mockk for UserRepositoryCached name=repoUser#91
17:16:46.314 [Test worker @coroutine#77] DEBUG io.mockk.impl.instantiation.AbstractMockFactory - Creating mockk for Tarea name=child of repoTarea#89#92
17:16:46.324 [DefaultDispatcher-worker-3] DEBUG io.mockk.impl.recording.states.AnsweringState - Answering Tarea(id=63dfd66e1070f8213392bf0c, uuid=93a98d69-0013-48a7-b34f-05b596ea83cc, raquetaId=93a98d69-0001-48a7-b34f-05b596ea83ba, precio=36.4, tipo=PERSONALIZACION, finalizada=true, pedidoId=93a98d69-0010-48a7-b34f-05b596ea8acc, productoAdquiridoId=93a98d69-0004-48a7-b34f-05b596ea83aa, peso=10, balance=2.0, rigidez=5, tensionHorizontal=null, cordajeHorizontalId=null, tensionVertical=null, cordajeVerticalId=null, dosNudos=null) on TareaRepositoryCached(repoTarea#89).save(Tarea(id=63dfd66e1070f8213392bf0f, uuid=93a98d69-6da6-48a7-b34f-05b596aaabaa, raquetaId=93a98d69-6da6-48a7-b34f-05b596aaaaac, precio=60.0, tipo=PERSONALIZACION, finalizada=false, pedidoId=93a98d69-6da6-48a7-b34f-05b596aaabac, productoAdquiridoId=null, peso=10, balance=2.0, rigidez=5, tensionHorizontal=null, cordajeHorizontalId=null, tensionVertical=null, cordajeVerticalId=null, dosNudos=null), continuation {})
17:16:46.355 [DefaultDispatcher-worker-3] DEBUG koin.repositories.producto.ProductoRepository - findByUUID(93a98d69-0001-48a7-b34f-05b596ea83ba)
17:16:46.362 [DefaultDispatcher-worker-3] DEBUG koin.db.DBManager - Initializing connection to MongoDB
Initializing connection to MongoDB : mongodb+srv://loli:1707@drmdam2023.7qtbnuz.mongodb.net/practica03mongoIvanLoli
17:16:46.755 [cluster-ClusterId{value='63dfd66e1070f8213392bf10', description='null'}-srv-drmdam2023.7qtbnuz.mongodb.net] INFO org.mongodb.driver.cluster - Adding discovered server ac-o2suyf6-shard-00-00.7qtbnuz.mongodb.net:27017 to client view of cluster
17:16:46.812 [DefaultDispatcher-worker-3] INFO org.mongodb.driver.client - MongoClient with metadata {"driver": {"name": "mongo-java-driver|reactive-streams|kmongo", "version": "4.7.2"}, "os": {"type": "Windows", "name": "Windows 10", "architecture": "amd64", "version": "10.0"}, "platform": "Java/BellSoft/17.0.4.1+1-LTS|Kotlin/1.8.0"} created with settings MongoClientSettings{readPreference=primary, writeConcern=WriteConcern{w=null, wTimeout=null ms, journal=null}, retryWrites=true, retryReads=true, readConcern=ReadConcern{level=null}, credential=MongoCredential{mechanism=null, userName='loli', source='admin', password=<hidden>, mechanismProperties=<hidden>}, streamFactoryFactory=null, commandListeners=[], codecRegistry=ProvidersCodecRegistry{codecProviders=[ProvidersCodecRegistry{codecProviders=[ValueCodecProvider{}, BsonValueCodecProvider{}, DBRefCodecProvider{}, DBObjectCodecProvider{}, DocumentCodecProvider{}, IterableCodecProvider{}, MapCodecProvider{}, GeoJsonCodecProvider{}, GridFSFileCodecProvider{}, Jsr310CodecProvider{}, JsonObjectCodecProvider{}, BsonCodecProvider{}, EnumCodecProvider{}, com.mongodb.Jep395RecordCodecProvider@65354b0]}, org.litote.kmongo.service.CustomCodecProvider@3f8deda6, ProvidersCodecRegistry{codecProviders=[org.litote.kmongo.jackson.JacksonCodecProvider@6b1f9e16]}]}, clusterSettings={hosts=[127.0.0.1:27017], srvHost=drmdam2023.7qtbnuz.mongodb.net, srvServiceName=mongodb, mode=MULTIPLE, requiredClusterType=REPLICA_SET, requiredReplicaSetName='atlas-kaecge-shard-0', serverSelector='null', clusterListeners='[]', serverSelectionTimeout='30000 ms', localThreshold='30000 ms'}, socketSettings=SocketSettings{connectTimeoutMS=10000, readTimeoutMS=0, receiveBufferSize=0, sendBufferSize=0}, heartbeatSocketSettings=SocketSettings{connectTimeoutMS=10000, readTimeoutMS=10000, receiveBufferSize=0, sendBufferSize=0}, connectionPoolSettings=ConnectionPoolSettings{maxSize=100, minSize=0, maxWaitTimeMS=120000, maxConnectionLifeTimeMS=0, maxConnectionIdleTimeMS=0, maintenanceInitialDelayMS=0, maintenanceFrequencyMS=60000, connectionPoolListeners=[], maxConnecting=2}, serverSettings=ServerSettings{heartbeatFrequencyMS=10000, minHeartbeatFrequencyMS=500, serverListeners='[]', serverMonitorListeners='[]'}, sslSettings=SslSettings{enabled=true, invalidHostNameAllowed=false, context=null}, applicationName='null', compressorList=[], uuidRepresentation=UNSPECIFIED, serverApi=null, autoEncryptionSettings=null, contextProvider=null}
17:16:46.834 [cluster-ClusterId{value='63dfd66e1070f8213392bf10', description='null'}-srv-drmdam2023.7qtbnuz.mongodb.net] INFO org.mongodb.driver.cluster - Adding discovered server ac-o2suyf6-shard-00-02.7qtbnuz.mongodb.net:27017 to client view of cluster
17:16:46.837 [cluster-ClusterId{value='63dfd66e1070f8213392bf10', description='null'}-srv-drmdam2023.7qtbnuz.mongodb.net] INFO org.mongodb.driver.cluster - Adding discovered server ac-o2suyf6-shard-00-01.7qtbnuz.mongodb.net:27017 to client view of cluster
17:16:46.842 [cluster-ClusterId{value='63dfd66e1070f8213392bf10', description='null'}-srv-drmdam2023.7qtbnuz.mongodb.net] DEBUG org.mongodb.driver.cluster - Updating cluster description to  {type=REPLICA_SET, servers=[{address=ac-o2suyf6-shard-00-00.7qtbnuz.mongodb.net:27017, type=UNKNOWN, state=CONNECTING}, {address=ac-o2suyf6-shard-00-02.7qtbnuz.mongodb.net:27017, type=UNKNOWN, state=CONNECTING}, {address=ac-o2suyf6-shard-00-01.7qtbnuz.mongodb.net:27017, type=UNKNOWN, state=CONNECTING}]
17:16:47.106 [DefaultDispatcher-worker-3] DEBUG reactor.util.Loggers$LoggerFactory - Using Slf4j logging framework
17:16:47.232 [DefaultDispatcher-worker-3] INFO org.mongodb.driver.cluster - No server chosen by com.mongodb.reactivestreams.client.internal.ClientSessionHelper$$Lambda$502/0x0000000801194d60@5952c2d6 from cluster description ClusterDescription{type=REPLICA_SET, connectionMode=MULTIPLE, serverDescriptions=[ServerDescription{address=ac-o2suyf6-shard-00-00.7qtbnuz.mongodb.net:27017, type=UNKNOWN, state=CONNECTING}, ServerDescription{address=ac-o2suyf6-shard-00-02.7qtbnuz.mongodb.net:27017, type=UNKNOWN, state=CONNECTING}, ServerDescription{address=ac-o2suyf6-shard-00-01.7qtbnuz.mongodb.net:27017, type=UNKNOWN, state=CONNECTING}]}. Waiting for 30000 ms before timing out
17:16:47.238 [Thread-7] DEBUG org.mongodb.driver.connection.tls - initialized direct buffer deallocator for java >= 9
17:16:47.721 [cluster-rtt-ClusterId{value='63dfd66e1070f8213392bf10', description='null'}-ac-o2suyf6-shard-00-00.7qtbnuz.mongodb.net:27017] INFO org.mongodb.driver.connection - Opened connection [connectionId{localValue:1, serverValue:176600}] to ac-o2suyf6-shard-00-00.7qtbnuz.mongodb.net:27017
17:16:47.722 [cluster-ClusterId{value='63dfd66e1070f8213392bf10', description='null'}-ac-o2suyf6-shard-00-00.7qtbnuz.mongodb.net:27017] INFO org.mongodb.driver.connection - Opened connection [connectionId{localValue:2, serverValue:176600}] to ac-o2suyf6-shard-00-00.7qtbnuz.mongodb.net:27017
17:16:47.723 [cluster-ClusterId{value='63dfd66e1070f8213392bf10', description='null'}-ac-o2suyf6-shard-00-01.7qtbnuz.mongodb.net:27017] INFO org.mongodb.driver.connection - Opened connection [connectionId{localValue:5, serverValue:172263}] to ac-o2suyf6-shard-00-01.7qtbnuz.mongodb.net:27017
17:16:47.724 [cluster-rtt-ClusterId{value='63dfd66e1070f8213392bf10', description='null'}-ac-o2suyf6-shard-00-01.7qtbnuz.mongodb.net:27017] INFO org.mongodb.driver.connection - Opened connection [connectionId{localValue:3, serverValue:172264}] to ac-o2suyf6-shard-00-01.7qtbnuz.mongodb.net:27017
17:16:47.725 [cluster-rtt-ClusterId{value='63dfd66e1070f8213392bf10', description='null'}-ac-o2suyf6-shard-00-02.7qtbnuz.mongodb.net:27017] INFO org.mongodb.driver.connection - Opened connection [connectionId{localValue:4, serverValue:175716}] to ac-o2suyf6-shard-00-02.7qtbnuz.mongodb.net:27017
17:16:47.727 [cluster-ClusterId{value='63dfd66e1070f8213392bf10', description='null'}-ac-o2suyf6-shard-00-02.7qtbnuz.mongodb.net:27017] INFO org.mongodb.driver.connection - Opened connection [connectionId{localValue:6, serverValue:175716}] to ac-o2suyf6-shard-00-02.7qtbnuz.mongodb.net:27017
17:16:47.764 [cluster-ClusterId{value='63dfd66e1070f8213392bf10', description='null'}-ac-o2suyf6-shard-00-00.7qtbnuz.mongodb.net:27017] INFO org.mongodb.driver.cluster - Monitor thread successfully connected to server with description ServerDescription{address=ac-o2suyf6-shard-00-00.7qtbnuz.mongodb.net:27017, type=REPLICA_SET_SECONDARY, state=CONNECTED, ok=true, minWireVersion=0, maxWireVersion=13, maxDocumentSize=16777216, logicalSessionTimeoutMinutes=30, roundTripTimeNanos=471733700, setName='atlas-kaecge-shard-0', canonicalAddress=ac-o2suyf6-shard-00-00.7qtbnuz.mongodb.net:27017, hosts=[ac-o2suyf6-shard-00-01.7qtbnuz.mongodb.net:27017, ac-o2suyf6-shard-00-00.7qtbnuz.mongodb.net:27017, ac-o2suyf6-shard-00-02.7qtbnuz.mongodb.net:27017], passives=[], arbiters=[], primary='ac-o2suyf6-shard-00-02.7qtbnuz.mongodb.net:27017', tagSet=TagSet{[Tag{name='nodeType', value='ELECTABLE'}, Tag{name='provider', value='AWS'}, Tag{name='region', value='EU_WEST_3'}, Tag{name='workloadType', value='OPERATIONAL'}]}, electionId=null, setVersion=2, topologyVersion=TopologyVersion{processId=63d2dcc17e78c4cb32f7500c, counter=4}, lastWriteDate=Sun Feb 05 17:16:46 CET 2023, lastUpdateTimeNanos=1134291871609800}
17:16:47.764 [cluster-ClusterId{value='63dfd66e1070f8213392bf10', description='null'}-ac-o2suyf6-shard-00-01.7qtbnuz.mongodb.net:27017] INFO org.mongodb.driver.cluster - Monitor thread successfully connected to server with description ServerDescription{address=ac-o2suyf6-shard-00-01.7qtbnuz.mongodb.net:27017, type=REPLICA_SET_SECONDARY, state=CONNECTED, ok=true, minWireVersion=0, maxWireVersion=13, maxDocumentSize=16777216, logicalSessionTimeoutMinutes=30, roundTripTimeNanos=473206200, setName='atlas-kaecge-shard-0', canonicalAddress=ac-o2suyf6-shard-00-01.7qtbnuz.mongodb.net:27017, hosts=[ac-o2suyf6-shard-00-01.7qtbnuz.mongodb.net:27017, ac-o2suyf6-shard-00-00.7qtbnuz.mongodb.net:27017, ac-o2suyf6-shard-00-02.7qtbnuz.mongodb.net:27017], passives=[], arbiters=[], primary='ac-o2suyf6-shard-00-02.7qtbnuz.mongodb.net:27017', tagSet=TagSet{[Tag{name='nodeType', value='ELECTABLE'}, Tag{name='provider', value='AWS'}, Tag{name='region', value='EU_WEST_3'}, Tag{name='workloadType', value='OPERATIONAL'}]}, electionId=null, setVersion=2, topologyVersion=TopologyVersion{processId=63d2df20846ff8d608cb12a0, counter=3}, lastWriteDate=Sun Feb 05 17:16:46 CET 2023, lastUpdateTimeNanos=1134291872540100}
17:16:47.813 [cluster-ClusterId{value='63dfd66e1070f8213392bf10', description='null'}-ac-o2suyf6-shard-00-02.7qtbnuz.mongodb.net:27017] INFO org.mongodb.driver.cluster - Monitor thread successfully connected to server with description ServerDescription{address=ac-o2suyf6-shard-00-02.7qtbnuz.mongodb.net:27017, type=REPLICA_SET_PRIMARY, state=CONNECTED, ok=true, minWireVersion=0, maxWireVersion=13, maxDocumentSize=16777216, logicalSessionTimeoutMinutes=30, roundTripTimeNanos=477577300, setName='atlas-kaecge-shard-0', canonicalAddress=ac-o2suyf6-shard-00-02.7qtbnuz.mongodb.net:27017, hosts=[ac-o2suyf6-shard-00-01.7qtbnuz.mongodb.net:27017, ac-o2suyf6-shard-00-00.7qtbnuz.mongodb.net:27017, ac-o2suyf6-shard-00-02.7qtbnuz.mongodb.net:27017], passives=[], arbiters=[], primary='ac-o2suyf6-shard-00-02.7qtbnuz.mongodb.net:27017', tagSet=TagSet{[Tag{name='nodeType', value='ELECTABLE'}, Tag{name='provider', value='AWS'}, Tag{name='region', value='EU_WEST_3'}, Tag{name='workloadType', value='OPERATIONAL'}]}, electionId=7fffffff000000000000001b, setVersion=2, topologyVersion=TopologyVersion{processId=63d2ddec9b5717a95fe9a7d0, counter=6}, lastWriteDate=Sun Feb 05 17:16:46 CET 2023, lastUpdateTimeNanos=1134291875900300}
17:16:47.818 [cluster-ClusterId{value='63dfd66e1070f8213392bf10', description='null'}-ac-o2suyf6-shard-00-01.7qtbnuz.mongodb.net:27017] DEBUG org.mongodb.driver.connection - Marking the connection pool for ServerId{clusterId=ClusterId{value='63dfd66e1070f8213392bf10', description='null'}, address=ac-o2suyf6-shard-00-01.7qtbnuz.mongodb.net:27017} as 'ready'
17:16:47.844 [cluster-ClusterId{value='63dfd66e1070f8213392bf10', description='null'}-ac-o2suyf6-shard-00-01.7qtbnuz.mongodb.net:27017] DEBUG org.mongodb.driver.cluster - Updating cluster description to  {type=REPLICA_SET, servers=[{address=ac-o2suyf6-shard-00-00.7qtbnuz.mongodb.net:27017, type=UNKNOWN, state=CONNECTING}, {address=ac-o2suyf6-shard-00-02.7qtbnuz.mongodb.net:27017, type=UNKNOWN, state=CONNECTING}, {address=ac-o2suyf6-shard-00-01.7qtbnuz.mongodb.net:27017, type=REPLICA_SET_SECONDARY, TagSet{[Tag{name='nodeType', value='ELECTABLE'}, Tag{name='provider', value='AWS'}, Tag{name='region', value='EU_WEST_3'}, Tag{name='workloadType', value='OPERATIONAL'}]}, roundTripTime=473.2 ms, state=CONNECTED}]
17:16:47.845 [cluster-ClusterId{value='63dfd66e1070f8213392bf10', description='null'}-ac-o2suyf6-shard-00-01.7qtbnuz.mongodb.net:27017] DEBUG org.mongodb.driver.cluster - Checking status of ac-o2suyf6-shard-00-01.7qtbnuz.mongodb.net:27017
17:16:47.845 [cluster-ClusterId{value='63dfd66e1070f8213392bf10', description='null'}-ac-o2suyf6-shard-00-02.7qtbnuz.mongodb.net:27017] DEBUG org.mongodb.driver.connection - Marking the connection pool for ServerId{clusterId=ClusterId{value='63dfd66e1070f8213392bf10', description='null'}, address=ac-o2suyf6-shard-00-02.7qtbnuz.mongodb.net:27017} as 'ready'
17:16:47.845 [MaintenanceTimer-6-thread-1] DEBUG org.mongodb.driver.connection - Pruning pooled connections to ac-o2suyf6-shard-00-01.7qtbnuz.mongodb.net:27017
17:16:47.846 [cluster-ClusterId{value='63dfd66e1070f8213392bf10', description='null'}-ac-o2suyf6-shard-00-02.7qtbnuz.mongodb.net:27017] INFO org.mongodb.driver.cluster - Setting max election id to 7fffffff000000000000001b from replica set primary ac-o2suyf6-shard-00-02.7qtbnuz.mongodb.net:27017
17:16:47.846 [cluster-ClusterId{value='63dfd66e1070f8213392bf10', description='null'}-ac-o2suyf6-shard-00-02.7qtbnuz.mongodb.net:27017] INFO org.mongodb.driver.cluster - Setting max set version to 2 from replica set primary ac-o2suyf6-shard-00-02.7qtbnuz.mongodb.net:27017
17:16:47.846 [cluster-ClusterId{value='63dfd66e1070f8213392bf10', description='null'}-ac-o2suyf6-shard-00-02.7qtbnuz.mongodb.net:27017] INFO org.mongodb.driver.cluster - Discovered replica set primary ac-o2suyf6-shard-00-02.7qtbnuz.mongodb.net:27017
17:16:47.846 [MaintenanceTimer-4-thread-1] DEBUG org.mongodb.driver.connection - Pruning pooled connections to ac-o2suyf6-shard-00-02.7qtbnuz.mongodb.net:27017
17:16:47.846 [cluster-ClusterId{value='63dfd66e1070f8213392bf10', description='null'}-ac-o2suyf6-shard-00-02.7qtbnuz.mongodb.net:27017] DEBUG org.mongodb.driver.cluster - Updating cluster description to  {type=REPLICA_SET, servers=[{address=ac-o2suyf6-shard-00-00.7qtbnuz.mongodb.net:27017, type=UNKNOWN, state=CONNECTING}, {address=ac-o2suyf6-shard-00-02.7qtbnuz.mongodb.net:27017, type=REPLICA_SET_PRIMARY, TagSet{[Tag{name='nodeType', value='ELECTABLE'}, Tag{name='provider', value='AWS'}, Tag{name='region', value='EU_WEST_3'}, Tag{name='workloadType', value='OPERATIONAL'}]}, roundTripTime=477.6 ms, state=CONNECTED}, {address=ac-o2suyf6-shard-00-01.7qtbnuz.mongodb.net:27017, type=REPLICA_SET_SECONDARY, TagSet{[Tag{name='nodeType', value='ELECTABLE'}, Tag{name='provider', value='AWS'}, Tag{name='region', value='EU_WEST_3'}, Tag{name='workloadType', value='OPERATIONAL'}]}, roundTripTime=473.2 ms, state=CONNECTED}]
17:16:47.847 [cluster-ClusterId{value='63dfd66e1070f8213392bf10', description='null'}-ac-o2suyf6-shard-00-02.7qtbnuz.mongodb.net:27017] DEBUG org.mongodb.driver.cluster - Checking status of ac-o2suyf6-shard-00-02.7qtbnuz.mongodb.net:27017
17:16:47.847 [cluster-ClusterId{value='63dfd66e1070f8213392bf10', description='null'}-ac-o2suyf6-shard-00-00.7qtbnuz.mongodb.net:27017] DEBUG org.mongodb.driver.connection - Marking the connection pool for ServerId{clusterId=ClusterId{value='63dfd66e1070f8213392bf10', description='null'}, address=ac-o2suyf6-shard-00-00.7qtbnuz.mongodb.net:27017} as 'ready'
17:16:47.847 [cluster-ClusterId{value='63dfd66e1070f8213392bf10', description='null'}-ac-o2suyf6-shard-00-00.7qtbnuz.mongodb.net:27017] DEBUG org.mongodb.driver.cluster - Updating cluster description to  {type=REPLICA_SET, servers=[{address=ac-o2suyf6-shard-00-00.7qtbnuz.mongodb.net:27017, type=REPLICA_SET_SECONDARY, TagSet{[Tag{name='nodeType', value='ELECTABLE'}, Tag{name='provider', value='AWS'}, Tag{name='region', value='EU_WEST_3'}, Tag{name='workloadType', value='OPERATIONAL'}]}, roundTripTime=471.7 ms, state=CONNECTED}, {address=ac-o2suyf6-shard-00-02.7qtbnuz.mongodb.net:27017, type=REPLICA_SET_PRIMARY, TagSet{[Tag{name='nodeType', value='ELECTABLE'}, Tag{name='provider', value='AWS'}, Tag{name='region', value='EU_WEST_3'}, Tag{name='workloadType', value='OPERATIONAL'}]}, roundTripTime=477.6 ms, state=CONNECTED}, {address=ac-o2suyf6-shard-00-01.7qtbnuz.mongodb.net:27017, type=REPLICA_SET_SECONDARY, TagSet{[Tag{name='nodeType', value='ELECTABLE'}, Tag{name='provider', value='AWS'}, Tag{name='region', value='EU_WEST_3'}, Tag{name='workloadType', value='OPERATIONAL'}]}, roundTripTime=473.2 ms, state=CONNECTED}]
17:16:47.847 [cluster-ClusterId{value='63dfd66e1070f8213392bf10', description='null'}-ac-o2suyf6-shard-00-00.7qtbnuz.mongodb.net:27017] DEBUG org.mongodb.driver.cluster - Checking status of ac-o2suyf6-shard-00-00.7qtbnuz.mongodb.net:27017
17:16:47.856 [MaintenanceTimer-2-thread-1] DEBUG org.mongodb.driver.connection - Pruning pooled connections to ac-o2suyf6-shard-00-00.7qtbnuz.mongodb.net:27017
17:16:48.274 [async-channel-group-0-handler-executor] INFO org.mongodb.driver.connection - Opened connection [connectionId{localValue:7, serverValue:175676}] to ac-o2suyf6-shard-00-02.7qtbnuz.mongodb.net:27017
17:16:48.297 [async-channel-group-0-handler-executor] DEBUG org.mongodb.driver.protocol.command - Sending command '{"find": "producto", "filter": {}, "batchSize": 64, "$db": "practica03mongoIvanLoli", "lsid": {"id": {"$binary": {"base64": "roMpFL3PQPawB+PlCM6O3Q==", "subType": "04"}}}}' with request id 13 to database practica03mongoIvanLoli on connection [connectionId{localValue:7, serverValue:175676}] to server ac-o2suyf6-shard-00-02.7qtbnuz.mongodb.net:27017
17:16:48.351 [async-channel-group-0-handler-executor] DEBUG org.mongodb.driver.protocol.command - Execution of command with request id 13 completed successfully in 56.11 ms on connection [connectionId{localValue:7, serverValue:175676}] to server ac-o2suyf6-shard-00-02.7qtbnuz.mongodb.net:27017
17:16:49.063 [async-channel-group-0-handler-executor] DEBUG org.mongodb.driver.operation - Received batch of 4 documents with cursorId 0 from server ac-o2suyf6-shard-00-02.7qtbnuz.mongodb.net:27017
17:16:50.510 [Test worker] DEBUG io.mockk.impl.instantiation.AbstractMockFactory - Creating mockk for MaquinaRepositoryCached name=repoM#93
17:16:50.511 [Test worker] DEBUG io.mockk.impl.instantiation.AbstractMockFactory - Creating mockk for PedidoRepositoryCached name=repoPedido#94
17:16:50.512 [Test worker] DEBUG io.mockk.impl.instantiation.AbstractMockFactory - Creating mockk for ProductoRepositoryCached name=repoProd#95
17:16:50.512 [Test worker] DEBUG io.mockk.impl.instantiation.AbstractMockFactory - Creating mockk for TareaRepositoryCached name=repoTarea#96
17:16:50.513 [Test worker] DEBUG io.mockk.impl.instantiation.AbstractMockFactory - Creating mockk for TurnoRepositoryCached name=repoTurno#97
17:16:50.514 [Test worker] DEBUG io.mockk.impl.instantiation.AbstractMockFactory - Creating mockk for UserRepositoryCached name=repoUser#98
17:16:50.531 [Test worker @coroutine#81] DEBUG io.mockk.impl.instantiation.AbstractMockFactory - Creating mockk for Turno name=child of repoTurno#97#99
17:16:50.538 [Test worker @coroutine#81] DEBUG io.mockk.impl.instantiation.AbstractMockFactory - Creating mockk for Turno name=child of repoTurno#97#100
17:16:51.439 [Test worker] DEBUG io.mockk.impl.instantiation.AbstractMockFactory - Creating mockk for MaquinaRepositoryCached name=repoM#101
17:16:51.440 [Test worker] DEBUG io.mockk.impl.instantiation.AbstractMockFactory - Creating mockk for PedidoRepositoryCached name=repoPedido#102
17:16:51.440 [Test worker] DEBUG io.mockk.impl.instantiation.AbstractMockFactory - Creating mockk for ProductoRepositoryCached name=repoProd#103
17:16:51.441 [Test worker] DEBUG io.mockk.impl.instantiation.AbstractMockFactory - Creating mockk for TareaRepositoryCached name=repoTarea#104
17:16:51.441 [Test worker] DEBUG io.mockk.impl.instantiation.AbstractMockFactory - Creating mockk for TurnoRepositoryCached name=repoTurno#105
17:16:51.441 [Test worker] DEBUG io.mockk.impl.instantiation.AbstractMockFactory - Creating mockk for UserRepositoryCached name=repoUser#106
17:16:51.448 [Test worker @coroutine#89] DEBUG io.mockk.impl.instantiation.AbstractMockFactory - Creating mockk for Producto name=child of repoProd#103#107
17:16:51.456 [DefaultDispatcher-worker-3] DEBUG io.mockk.impl.recording.states.AnsweringState - Answering Producto(id=63dfd6731070f8213392bf20, uuid=93a98d69-0004-48a7-b34f-05b596ea83aa, tipo=FUNDAS, marca=MarcaZ, modelo=ModeloZ, precio=36.4, stock=8) on ProductoRepositoryCached(repoProd#103).save(Producto(id=63dfd6731070f8213392bf25, uuid=93a98d69-6da6-48a7-b34f-05b596aaaaac, tipo=RAQUETAS, marca=Marca Inicial, modelo=Raqueta inicial, precio=40.0, stock=15), continuation {})
17:16:52.279 [Test worker] DEBUG io.mockk.impl.instantiation.AbstractMockFactory - Creating mockk for MaquinaRepositoryCached name=repoM#108
17:16:52.280 [Test worker] DEBUG io.mockk.impl.instantiation.AbstractMockFactory - Creating mockk for PedidoRepositoryCached name=repoPedido#109
17:16:52.280 [Test worker] DEBUG io.mockk.impl.instantiation.AbstractMockFactory - Creating mockk for ProductoRepositoryCached name=repoProd#110
17:16:52.280 [Test worker] DEBUG io.mockk.impl.instantiation.AbstractMockFactory - Creating mockk for TareaRepositoryCached name=repoTarea#111
17:16:52.281 [Test worker] DEBUG io.mockk.impl.instantiation.AbstractMockFactory - Creating mockk for TurnoRepositoryCached name=repoTurno#112
17:16:52.281 [Test worker] DEBUG io.mockk.impl.instantiation.AbstractMockFactory - Creating mockk for UserRepositoryCached name=repoUser#113
17:16:52.295 [Test worker @coroutine#93] DEBUG io.mockk.impl.instantiation.AbstractMockFactory - Creating mockk for Producto name=child of repoProd#110#114
17:16:52.324 [Test worker @coroutine#93] DEBUG io.mockk.impl.instantiation.AbstractMockFactory - Creating mockk for Producto name=child of repoProd#110#115
17:16:52.329 [DefaultDispatcher-worker-3 @coroutine#98] DEBUG io.mockk.impl.recording.states.AnsweringState - Answering Producto(id=63dfd6741070f8213392bf2b, uuid=93a98d69-0004-48a7-b34f-05b596ea83aa, tipo=FUNDAS, marca=MarcaZ, modelo=ModeloZ, precio=36.4, stock=8) on ProductoRepositoryCached(repoProd#110).findByUUID(93a98d69-0004-48a7-b34f-05b596ea83aa, continuation {})
17:16:52.330 [DefaultDispatcher-worker-3 @coroutine#98] DEBUG io.mockk.impl.recording.states.AnsweringState - Answering Producto(id=63dfd6741070f8213392bf2b, uuid=93a98d69-0004-48a7-b34f-05b596ea83aa, tipo=FUNDAS, marca=MarcaZ, modelo=ModeloZ, precio=36.4, stock=8) on ProductoRepositoryCached(repoProd#110).decreaseStock(63dfd6741070f8213392bf2b, continuation {})
17:16:53.022 [Test worker] DEBUG io.mockk.impl.instantiation.AbstractMockFactory - Creating mockk for MaquinaRepositoryCached name=repoM#116
17:16:53.023 [Test worker] DEBUG io.mockk.impl.instantiation.AbstractMockFactory - Creating mockk for PedidoRepositoryCached name=repoPedido#117
17:16:53.024 [Test worker] DEBUG io.mockk.impl.instantiation.AbstractMockFactory - Creating mockk for ProductoRepositoryCached name=repoProd#118
17:16:53.024 [Test worker] DEBUG io.mockk.impl.instantiation.AbstractMockFactory - Creating mockk for TareaRepositoryCached name=repoTarea#119
17:16:53.024 [Test worker] DEBUG io.mockk.impl.instantiation.AbstractMockFactory - Creating mockk for TurnoRepositoryCached name=repoTurno#120
17:16:53.025 [Test worker] DEBUG io.mockk.impl.instantiation.AbstractMockFactory - Creating mockk for UserRepositoryCached name=repoUser#121
17:16:53.032 [Test worker @coroutine#101] DEBUG io.mockk.impl.instantiation.AbstractMockFactory - Creating mockk for Maquina name=child of repoM#116#122
17:16:53.038 [DefaultDispatcher-worker-3 @coroutine#104] DEBUG io.mockk.impl.recording.states.AnsweringState - Answering Maquina(id=63dfd6751070f8213392bf38, uuid=93a98d69-0008-48a7-b34f-05b596ea83bb, modelo=RTX-3080TI, marca=Nvidia, fechaAdquisicion=2022-11-10, numeroSerie=123456789X, tipo=PERSONALIZADORA, activa=true, isManual=null, maxTension=null, minTension=null, measuresManeuverability=true, measuresRigidity=false, measuresBalance=true) on MaquinaRepositoryCached(repoM#116).findByUUID(93a98d69-0008-48a7-b34f-05b596ea83bb, continuation {})
17:16:53.675 [Test worker] DEBUG io.mockk.impl.instantiation.AbstractMockFactory - Creating mockk for MaquinaRepositoryCached name=repoM#123
17:16:53.675 [Test worker] DEBUG io.mockk.impl.instantiation.AbstractMockFactory - Creating mockk for PedidoRepositoryCached name=repoPedido#124
17:16:53.675 [Test worker] DEBUG io.mockk.impl.instantiation.AbstractMockFactory - Creating mockk for ProductoRepositoryCached name=repoProd#125
17:16:53.676 [Test worker] DEBUG io.mockk.impl.instantiation.AbstractMockFactory - Creating mockk for TareaRepositoryCached name=repoTarea#126
17:16:53.676 [Test worker] DEBUG io.mockk.impl.instantiation.AbstractMockFactory - Creating mockk for TurnoRepositoryCached name=repoTurno#127
17:16:53.676 [Test worker] DEBUG io.mockk.impl.instantiation.AbstractMockFactory - Creating mockk for UserRepositoryCached name=repoUser#128
17:16:53.691 [Test worker @coroutine#107] DEBUG io.mockk.impl.instantiation.AbstractMockFactory - Creating mockk for Maquina name=child of repoM#123#129
17:16:53.694 [Test worker @coroutine#107] DEBUG io.mockk.impl.instantiation.AbstractMockFactory - Creating mockk for Maquina name=child of repoM#123#130
17:16:54.342 [Test worker] DEBUG io.mockk.impl.instantiation.AbstractMockFactory - Creating mockk for MaquinaRepositoryCached name=repoM#131
17:16:54.342 [Test worker] DEBUG io.mockk.impl.instantiation.AbstractMockFactory - Creating mockk for PedidoRepositoryCached name=repoPedido#132
17:16:54.342 [Test worker] DEBUG io.mockk.impl.instantiation.AbstractMockFactory - Creating mockk for ProductoRepositoryCached name=repoProd#133
17:16:54.343 [Test worker] DEBUG io.mockk.impl.instantiation.AbstractMockFactory - Creating mockk for TareaRepositoryCached name=repoTarea#134
17:16:54.343 [Test worker] DEBUG io.mockk.impl.instantiation.AbstractMockFactory - Creating mockk for TurnoRepositoryCached name=repoTurno#135
17:16:54.343 [Test worker] DEBUG io.mockk.impl.instantiation.AbstractMockFactory - Creating mockk for UserRepositoryCached name=repoUser#136
17:16:54.353 [Test worker @coroutine#115] DEBUG io.mockk.impl.instantiation.AbstractMockFactory - Creating mockk for Maquina name=child of repoM#131#137
17:16:54.358 [Test worker @coroutine#115] DEBUG io.mockk.impl.instantiation.AbstractMockFactory - Creating mockk for Maquina name=child of repoM#131#138
17:16:54.365 [DefaultDispatcher-worker-3 @coroutine#120] DEBUG io.mockk.impl.recording.states.AnsweringState - Answering Maquina(id=63dfd6761070f8213392bf4c, uuid=93a98d69-0008-48a7-b34f-05b596ea83bb, modelo=RTX-3080TI, marca=Nvidia, fechaAdquisicion=2022-11-10, numeroSerie=123456789X, tipo=PERSONALIZADORA, activa=true, isManual=null, maxTension=null, minTension=null, measuresManeuverability=true, measuresRigidity=false, measuresBalance=true) on MaquinaRepositoryCached(repoM#131).findByUUID(93a98d69-0008-48a7-b34f-05b596ea83bb, continuation {})
17:16:54.366 [DefaultDispatcher-worker-3 @coroutine#120] DEBUG io.mockk.impl.recording.states.AnsweringState - Answering Maquina(id=63dfd6761070f8213392bf4c, uuid=93a98d69-0008-48a7-b34f-05b596ea83bb, modelo=RTX-3080TI, marca=Nvidia, fechaAdquisicion=2022-11-10, numeroSerie=123456789X, tipo=PERSONALIZADORA, activa=true, isManual=null, maxTension=null, minTension=null, measuresManeuverability=true, measuresRigidity=false, measuresBalance=true) on MaquinaRepositoryCached(repoM#131).delete(63dfd6761070f8213392bf4c, continuation {})
17:16:55.102 [Test worker] DEBUG io.mockk.impl.instantiation.AbstractMockFactory - Creating mockk for MaquinaRepositoryCached name=repoM#139
17:16:55.103 [Test worker] DEBUG io.mockk.impl.instantiation.AbstractMockFactory - Creating mockk for PedidoRepositoryCached name=repoPedido#140
17:16:55.103 [Test worker] DEBUG io.mockk.impl.instantiation.AbstractMockFactory - Creating mockk for ProductoRepositoryCached name=repoProd#141
17:16:55.104 [Test worker] DEBUG io.mockk.impl.instantiation.AbstractMockFactory - Creating mockk for TareaRepositoryCached name=repoTarea#142
17:16:55.104 [Test worker] DEBUG io.mockk.impl.instantiation.AbstractMockFactory - Creating mockk for TurnoRepositoryCached name=repoTurno#143
17:16:55.104 [Test worker] DEBUG io.mockk.impl.instantiation.AbstractMockFactory - Creating mockk for UserRepositoryCached name=repoUser#144
17:16:55.112 [Test worker @coroutine#123] DEBUG io.mockk.impl.instantiation.AbstractMockFactory - Creating mockk for Tarea name=child of repoTarea#142#145
17:16:55.115 [Test worker @coroutine#123] DEBUG io.mockk.impl.instantiation.AbstractMockFactory - Creating mockk for Tarea name=child of repoTarea#142#146
17:16:55.804 [Test worker] DEBUG io.mockk.impl.instantiation.AbstractMockFactory - Creating mockk for MaquinaRepositoryCached name=repoM#147
17:16:55.805 [Test worker] DEBUG io.mockk.impl.instantiation.AbstractMockFactory - Creating mockk for PedidoRepositoryCached name=repoPedido#148
17:16:55.805 [Test worker] DEBUG io.mockk.impl.instantiation.AbstractMockFactory - Creating mockk for ProductoRepositoryCached name=repoProd#149
17:16:55.805 [Test worker] DEBUG io.mockk.impl.instantiation.AbstractMockFactory - Creating mockk for TareaRepositoryCached name=repoTarea#150
17:16:55.806 [Test worker] DEBUG io.mockk.impl.instantiation.AbstractMockFactory - Creating mockk for TurnoRepositoryCached name=repoTurno#151
17:16:55.806 [Test worker] DEBUG io.mockk.impl.instantiation.AbstractMockFactory - Creating mockk for UserRepositoryCached name=repoUser#152
17:16:55.814 [Test worker @coroutine#131] DEBUG io.mockk.impl.instantiation.AbstractMockFactory - Creating mockk for User name=child of repoUser#152#153
17:16:55.818 [Test worker @coroutine#131] DEBUG io.mockk.impl.instantiation.AbstractMockFactory - Creating mockk for Tarea name=child of repoTarea#150#154
17:16:55.825 [Test worker @coroutine#131] DEBUG io.mockk.impl.instantiation.AbstractMockFactory - Creating mockk for Pedido name=child of repoPedido#148#155
17:16:56.214 [DefaultDispatcher-worker-3] DEBUG io.mockk.impl.recording.states.AnsweringState - Answering User(id=63dfd6771070f8213392bf5b, uuid=93a98d69-0006-48a7-b34f-05b596ea839a, nombre=Maria, apellido=Martinez, telefono=632120281, email=email2@email.com, password=contra, perfil=CLIENT, activo=true) on UserRepositoryCached(repoUser#152).findByUUID(93a98d69-6da6-48a7-b34f-05b596aaaaaa, continuation {})
17:16:56.214 [DefaultDispatcher-worker-3] DEBUG io.mockk.impl.recording.states.AnsweringState - Answering Tarea(id=63dfd6771070f8213392bf5f, uuid=93a98d69-0013-48a7-b34f-05b596ea83cc, raquetaId=93a98d69-0001-48a7-b34f-05b596ea83ba, precio=36.4, tipo=PERSONALIZACION, finalizada=true, pedidoId=93a98d69-0010-48a7-b34f-05b596ea8acc, productoAdquiridoId=93a98d69-0004-48a7-b34f-05b596ea83aa, peso=10, balance=2.0, rigidez=5, tensionHorizontal=null, cordajeHorizontalId=null, tensionVertical=null, cordajeVerticalId=null, dosNudos=null) on TareaRepositoryCached(repoTarea#150).save(Tarea(id=63dfd6781070f8213392bf63, uuid=93a98d69-6da6-48a7-b34f-05b596aaaacc, raquetaId=93a98d69-6da6-48a7-b34f-05b596aaaaac, precio=15.0, tipo=ADQUISICION, finalizada=false, pedidoId=93a98d69-6da6-48a7-b34f-05b596aaabac, productoAdquiridoId=93a98d69-6da6-48a7-b34f-05b596aaaabb, peso=null, balance=null, rigidez=null, tensionHorizontal=null, cordajeHorizontalId=null, tensionVertical=null, cordajeVerticalId=null, dosNudos=null), continuation {})
17:16:56.215 [DefaultDispatcher-worker-3] DEBUG io.mockk.impl.recording.states.AnsweringState - Answering Tarea(id=63dfd6771070f8213392bf5f, uuid=93a98d69-0013-48a7-b34f-05b596ea83cc, raquetaId=93a98d69-0001-48a7-b34f-05b596ea83ba, precio=36.4, tipo=PERSONALIZACION, finalizada=true, pedidoId=93a98d69-0010-48a7-b34f-05b596ea8acc, productoAdquiridoId=93a98d69-0004-48a7-b34f-05b596ea83aa, peso=10, balance=2.0, rigidez=5, tensionHorizontal=null, cordajeHorizontalId=null, tensionVertical=null, cordajeVerticalId=null, dosNudos=null) on TareaRepositoryCached(repoTarea#150).save(Tarea(id=63dfd6781070f8213392bf64, uuid=93a98d69-6da6-48a7-b34f-05b596aaabab, raquetaId=93a98d69-6da6-48a7-b34f-05b596aaaaac, precio=56.0, tipo=ENCORDADO, finalizada=false, pedidoId=93a98d69-6da6-48a7-b34f-05b596aaabac, productoAdquiridoId=null, peso=null, balance=null, rigidez=null, tensionHorizontal=6.0, cordajeHorizontalId=93a98d69-6da6-48a7-b34f-05b596aaaaba, tensionVertical=6.5, cordajeVerticalId=93a98d69-6da6-48a7-b34f-05b596aaaaba, dosNudos=true), continuation {})
17:16:56.216 [DefaultDispatcher-worker-3] DEBUG io.mockk.impl.recording.states.AnsweringState - Answering Tarea(id=63dfd6771070f8213392bf5f, uuid=93a98d69-0013-48a7-b34f-05b596ea83cc, raquetaId=93a98d69-0001-48a7-b34f-05b596ea83ba, precio=36.4, tipo=PERSONALIZACION, finalizada=true, pedidoId=93a98d69-0010-48a7-b34f-05b596ea8acc, productoAdquiridoId=93a98d69-0004-48a7-b34f-05b596ea83aa, peso=10, balance=2.0, rigidez=5, tensionHorizontal=null, cordajeHorizontalId=null, tensionVertical=null, cordajeVerticalId=null, dosNudos=null) on TareaRepositoryCached(repoTarea#150).save(Tarea(id=63dfd6781070f8213392bf65, uuid=93a98d69-6da6-48a7-b34f-05b596aaabaa, raquetaId=93a98d69-6da6-48a7-b34f-05b596aaaaac, precio=60.0, tipo=PERSONALIZACION, finalizada=false, pedidoId=93a98d69-6da6-48a7-b34f-05b596aaabac, productoAdquiridoId=null, peso=10, balance=2.0, rigidez=5, tensionHorizontal=null, cordajeHorizontalId=null, tensionVertical=null, cordajeVerticalId=null, dosNudos=null), continuation {})
17:16:56.221 [DefaultDispatcher-worker-3] DEBUG io.mockk.impl.recording.states.AnsweringState - Answering Pedido(id=63dfd6771070f8213392bf5e, uuid=93a98d69-0010-48a7-b34f-05b596ea8acc, userId=93a98d69-0006-48a7-b34f-05b596ea839a, state=PROCESO, fechaEntrada=2013-10-10, fechaSalida=2023-12-12, topeEntrega=2023-12-14, precio=0.0) on PedidoRepositoryCached(repoPedido#148).save(Pedido(id=63dfd6781070f8213392bf69, uuid=93a98d69-6da6-48a7-b34f-05b596aaabac, userId=93a98d69-6da6-48a7-b34f-05b596aaaaaa, state=PROCESO, fechaEntrada=2023-02-05, fechaSalida=2023-02-06, topeEntrega=2023-02-19, precio=131.0), continuation {})
17:16:56.227 [DefaultDispatcher-worker-3] DEBUG koin.repositories.tarea.TareaRepository - findAll()
17:16:56.233 [AsyncGetter-5-thread-1] DEBUG org.mongodb.driver.protocol.command - Sending command '{"find": "tarea", "filter": {}, "batchSize": 64, "$db": "practica03mongoIvanLoli", "$clusterTime": {"clusterTime": {"$timestamp": {"t": 1675613807, "i": 1}}, "signature": {"hash": {"$binary": {"base64": "mt595Bgu7aXyA73XoxRFSPRpO/0=", "subType": "00"}}, "keyId": 7161871216054108163}}, "lsid": {"id": {"$binary": {"base64": "roMpFL3PQPawB+PlCM6O3Q==", "subType": "04"}}}}' with request id 14 to database practica03mongoIvanLoli on connection [connectionId{localValue:7, serverValue:175676}] to server ac-o2suyf6-shard-00-02.7qtbnuz.mongodb.net:27017
17:16:56.271 [async-channel-group-0-handler-executor] DEBUG org.mongodb.driver.protocol.command - Execution of command with request id 14 completed successfully in 38.75 ms on connection [connectionId{localValue:7, serverValue:175676}] to server ac-o2suyf6-shard-00-02.7qtbnuz.mongodb.net:27017
17:16:56.299 [async-channel-group-0-handler-executor] DEBUG org.mongodb.driver.operation - Received batch of 6 documents with cursorId 0 from server ac-o2suyf6-shard-00-02.7qtbnuz.mongodb.net:27017
17:16:56.311 [DefaultDispatcher-worker-3] DEBUG koin.repositories.user.UserRepository - findByUUID(93a98d69-0006-48a7-b34f-05b596ea839a)
17:16:56.315 [AsyncGetter-5-thread-1] DEBUG org.mongodb.driver.protocol.command - Sending command '{"find": "user", "filter": {}, "batchSize": 64, "$db": "practica03mongoIvanLoli", "$clusterTime": {"clusterTime": {"$timestamp": {"t": 1675613814, "i": 5}}, "signature": {"hash": {"$binary": {"base64": "EIvcQM7aQh+L85b+tYdk8gEUNIs=", "subType": "00"}}, "keyId": 7161871216054108163}}, "lsid": {"id": {"$binary": {"base64": "roMpFL3PQPawB+PlCM6O3Q==", "subType": "04"}}}}' with request id 15 to database practica03mongoIvanLoli on connection [connectionId{localValue:7, serverValue:175676}] to server ac-o2suyf6-shard-00-02.7qtbnuz.mongodb.net:27017
17:16:56.358 [async-channel-group-0-handler-executor] DEBUG org.mongodb.driver.protocol.command - Execution of command with request id 15 completed successfully in 43.61 ms on connection [connectionId{localValue:7, serverValue:175676}] to server ac-o2suyf6-shard-00-02.7qtbnuz.mongodb.net:27017
17:16:56.377 [async-channel-group-0-handler-executor] DEBUG org.mongodb.driver.operation - Received batch of 3 documents with cursorId 0 from server ac-o2suyf6-shard-00-02.7qtbnuz.mongodb.net:27017
17:16:57.037 [Test worker] DEBUG io.mockk.impl.instantiation.AbstractMockFactory - Creating mockk for MaquinaRepositoryCached name=repoM#156
17:16:57.037 [Test worker] DEBUG io.mockk.impl.instantiation.AbstractMockFactory - Creating mockk for PedidoRepositoryCached name=repoPedido#157
17:16:57.038 [Test worker] DEBUG io.mockk.impl.instantiation.AbstractMockFactory - Creating mockk for ProductoRepositoryCached name=repoProd#158
17:16:57.038 [Test worker] DEBUG io.mockk.impl.instantiation.AbstractMockFactory - Creating mockk for TareaRepositoryCached name=repoTarea#159
17:16:57.038 [Test worker] DEBUG io.mockk.impl.instantiation.AbstractMockFactory - Creating mockk for TurnoRepositoryCached name=repoTurno#160
17:16:57.038 [Test worker] DEBUG io.mockk.impl.instantiation.AbstractMockFactory - Creating mockk for UserRepositoryCached name=repoUser#161
17:16:57.045 [Test worker @coroutine#139] DEBUG io.mockk.impl.instantiation.AbstractMockFactory - Creating mockk for Maquina name=child of repoM#156#162
17:16:57.047 [Test worker @coroutine#139] DEBUG io.mockk.impl.instantiation.AbstractMockFactory - Creating mockk for Maquina name=child of repoM#156#163
17:16:57.050 [DefaultDispatcher-worker-3 @coroutine#144] DEBUG io.mockk.impl.recording.states.AnsweringState - Answering Maquina(id=63dfd6791070f8213392bf72, uuid=93a98d69-0008-48a7-b34f-05b596ea83bb, modelo=RTX-3080TI, marca=Nvidia, fechaAdquisicion=2022-11-10, numeroSerie=123456789X, tipo=PERSONALIZADORA, activa=true, isManual=null, maxTension=null, minTension=null, measuresManeuverability=true, measuresRigidity=false, measuresBalance=true) on MaquinaRepositoryCached(repoM#156).findByUUID(93a98d69-0008-48a7-b34f-05b596ea83bb, continuation {})
17:16:57.051 [DefaultDispatcher-worker-3 @coroutine#144] DEBUG io.mockk.impl.recording.states.AnsweringState - Answering null on MaquinaRepositoryCached(repoM#156).setInactive(63dfd6791070f8213392bf72, continuation {})
17:16:57.650 [Test worker] DEBUG io.mockk.impl.instantiation.AbstractMockFactory - Creating mockk for MaquinaRepositoryCached name=repoM#164
17:16:57.650 [Test worker] DEBUG io.mockk.impl.instantiation.AbstractMockFactory - Creating mockk for PedidoRepositoryCached name=repoPedido#165
17:16:57.650 [Test worker] DEBUG io.mockk.impl.instantiation.AbstractMockFactory - Creating mockk for ProductoRepositoryCached name=repoProd#166
17:16:57.652 [Test worker] DEBUG io.mockk.impl.instantiation.AbstractMockFactory - Creating mockk for TareaRepositoryCached name=repoTarea#167
17:16:57.653 [Test worker] DEBUG io.mockk.impl.instantiation.AbstractMockFactory - Creating mockk for TurnoRepositoryCached name=repoTurno#168
17:16:57.653 [Test worker] DEBUG io.mockk.impl.instantiation.AbstractMockFactory - Creating mockk for UserRepositoryCached name=repoUser#169
17:16:57.659 [Test worker @coroutine#147] DEBUG io.mockk.impl.instantiation.AbstractMockFactory - Creating mockk for Maquina name=child of repoM#164#170
17:16:57.662 [Test worker @coroutine#147] DEBUG io.mockk.impl.instantiation.AbstractMockFactory - Creating mockk for Maquina name=child of repoM#164#171
17:16:57.722 [cluster-rtt-ClusterId{value='63dfd66e1070f8213392bf10', description='null'}-ac-o2suyf6-shard-00-00.7qtbnuz.mongodb.net:27017] DEBUG org.mongodb.driver.protocol.command - Sending command '{"hello": 1, "$db": "admin", "$clusterTime": {"clusterTime": {"$timestamp": {"t": 1675613814, "i": 5}}, "signature": {"hash": {"$binary": {"base64": "EIvcQM7aQh+L85b+tYdk8gEUNIs=", "subType": "00"}}, "keyId": 7161871216054108163}}}' with request id 16 to database admin on connection [connectionId{localValue:1, serverValue:176600}] to server ac-o2suyf6-shard-00-00.7qtbnuz.mongodb.net:27017
17:16:57.726 [cluster-rtt-ClusterId{value='63dfd66e1070f8213392bf10', description='null'}-ac-o2suyf6-shard-00-02.7qtbnuz.mongodb.net:27017] DEBUG org.mongodb.driver.protocol.command - Sending command '{"hello": 1, "$db": "admin", "$clusterTime": {"clusterTime": {"$timestamp": {"t": 1675613814, "i": 5}}, "signature": {"hash": {"$binary": {"base64": "EIvcQM7aQh+L85b+tYdk8gEUNIs=", "subType": "00"}}, "keyId": 7161871216054108163}}}' with request id 17 to database admin on connection [connectionId{localValue:4, serverValue:175716}] to server ac-o2suyf6-shard-00-02.7qtbnuz.mongodb.net:27017
17:16:57.726 [cluster-rtt-ClusterId{value='63dfd66e1070f8213392bf10', description='null'}-ac-o2suyf6-shard-00-01.7qtbnuz.mongodb.net:27017] DEBUG org.mongodb.driver.protocol.command - Sending command '{"hello": 1, "$db": "admin", "$clusterTime": {"clusterTime": {"$timestamp": {"t": 1675613814, "i": 5}}, "signature": {"hash": {"$binary": {"base64": "EIvcQM7aQh+L85b+tYdk8gEUNIs=", "subType": "00"}}, "keyId": 7161871216054108163}}}' with request id 18 to database admin on connection [connectionId{localValue:3, serverValue:172264}] to server ac-o2suyf6-shard-00-01.7qtbnuz.mongodb.net:27017
17:16:57.756 [cluster-rtt-ClusterId{value='63dfd66e1070f8213392bf10', description='null'}-ac-o2suyf6-shard-00-00.7qtbnuz.mongodb.net:27017] DEBUG org.mongodb.driver.protocol.command - Execution of command with request id 16 completed successfully in 34.25 ms on connection [connectionId{localValue:1, serverValue:176600}] to server ac-o2suyf6-shard-00-00.7qtbnuz.mongodb.net:27017
17:16:57.756 [cluster-rtt-ClusterId{value='63dfd66e1070f8213392bf10', description='null'}-ac-o2suyf6-shard-00-01.7qtbnuz.mongodb.net:27017] DEBUG org.mongodb.driver.protocol.command - Execution of command with request id 18 completed successfully in 30.29 ms on connection [connectionId{localValue:3, serverValue:172264}] to server ac-o2suyf6-shard-00-01.7qtbnuz.mongodb.net:27017
17:16:57.765 [cluster-rtt-ClusterId{value='63dfd66e1070f8213392bf10', description='null'}-ac-o2suyf6-shard-00-02.7qtbnuz.mongodb.net:27017] DEBUG org.mongodb.driver.protocol.command - Execution of command with request id 17 completed successfully in 38.60 ms on connection [connectionId{localValue:4, serverValue:175716}] to server ac-o2suyf6-shard-00-02.7qtbnuz.mongodb.net:27017
17:16:57.889 [cluster-ClusterId{value='63dfd66e1070f8213392bf10', description='null'}-ac-o2suyf6-shard-00-02.7qtbnuz.mongodb.net:27017] DEBUG org.mongodb.driver.cluster - Updating cluster description to  {type=REPLICA_SET, servers=[{address=ac-o2suyf6-shard-00-00.7qtbnuz.mongodb.net:27017, type=REPLICA_SET_SECONDARY, TagSet{[Tag{name='nodeType', value='ELECTABLE'}, Tag{name='provider', value='AWS'}, Tag{name='region', value='EU_WEST_3'}, Tag{name='workloadType', value='OPERATIONAL'}]}, roundTripTime=471.7 ms, state=CONNECTED}, {address=ac-o2suyf6-shard-00-02.7qtbnuz.mongodb.net:27017, type=REPLICA_SET_PRIMARY, TagSet{[Tag{name='nodeType', value='ELECTABLE'}, Tag{name='provider', value='AWS'}, Tag{name='region', value='EU_WEST_3'}, Tag{name='workloadType', value='OPERATIONAL'}]}, roundTripTime=387.8 ms, state=CONNECTED}, {address=ac-o2suyf6-shard-00-01.7qtbnuz.mongodb.net:27017, type=REPLICA_SET_SECONDARY, TagSet{[Tag{name='nodeType', value='ELECTABLE'}, Tag{name='provider', value='AWS'}, Tag{name='region', value='EU_WEST_3'}, Tag{name='workloadType', value='OPERATIONAL'}]}, roundTripTime=473.2 ms, state=CONNECTED}]
17:16:57.889 [cluster-ClusterId{value='63dfd66e1070f8213392bf10', description='null'}-ac-o2suyf6-shard-00-02.7qtbnuz.mongodb.net:27017] DEBUG org.mongodb.driver.cluster - Checking status of ac-o2suyf6-shard-00-02.7qtbnuz.mongodb.net:27017
17:16:57.903 [cluster-ClusterId{value='63dfd66e1070f8213392bf10', description='null'}-ac-o2suyf6-shard-00-01.7qtbnuz.mongodb.net:27017] DEBUG org.mongodb.driver.cluster - Updating cluster description to  {type=REPLICA_SET, servers=[{address=ac-o2suyf6-shard-00-00.7qtbnuz.mongodb.net:27017, type=REPLICA_SET_SECONDARY, TagSet{[Tag{name='nodeType', value='ELECTABLE'}, Tag{name='provider', value='AWS'}, Tag{name='region', value='EU_WEST_3'}, Tag{name='workloadType', value='OPERATIONAL'}]}, roundTripTime=471.7 ms, state=CONNECTED}, {address=ac-o2suyf6-shard-00-02.7qtbnuz.mongodb.net:27017, type=REPLICA_SET_PRIMARY, TagSet{[Tag{name='nodeType', value='ELECTABLE'}, Tag{name='provider', value='AWS'}, Tag{name='region', value='EU_WEST_3'}, Tag{name='workloadType', value='OPERATIONAL'}]}, roundTripTime=387.8 ms, state=CONNECTED}, {address=ac-o2suyf6-shard-00-01.7qtbnuz.mongodb.net:27017, type=REPLICA_SET_SECONDARY, TagSet{[Tag{name='nodeType', value='ELECTABLE'}, Tag{name='provider', value='AWS'}, Tag{name='region', value='EU_WEST_3'}, Tag{name='workloadType', value='OPERATIONAL'}]}, roundTripTime=384.7 ms, state=CONNECTED}]
17:16:57.904 [cluster-ClusterId{value='63dfd66e1070f8213392bf10', description='null'}-ac-o2suyf6-shard-00-01.7qtbnuz.mongodb.net:27017] DEBUG org.mongodb.driver.cluster - Checking status of ac-o2suyf6-shard-00-01.7qtbnuz.mongodb.net:27017
17:16:57.904 [cluster-ClusterId{value='63dfd66e1070f8213392bf10', description='null'}-ac-o2suyf6-shard-00-00.7qtbnuz.mongodb.net:27017] DEBUG org.mongodb.driver.cluster - Updating cluster description to  {type=REPLICA_SET, servers=[{address=ac-o2suyf6-shard-00-00.7qtbnuz.mongodb.net:27017, type=REPLICA_SET_SECONDARY, TagSet{[Tag{name='nodeType', value='ELECTABLE'}, Tag{name='provider', value='AWS'}, Tag{name='region', value='EU_WEST_3'}, Tag{name='workloadType', value='OPERATIONAL'}]}, roundTripTime=382.4 ms, state=CONNECTED}, {address=ac-o2suyf6-shard-00-02.7qtbnuz.mongodb.net:27017, type=REPLICA_SET_PRIMARY, TagSet{[Tag{name='nodeType', value='ELECTABLE'}, Tag{name='provider', value='AWS'}, Tag{name='region', value='EU_WEST_3'}, Tag{name='workloadType', value='OPERATIONAL'}]}, roundTripTime=387.8 ms, state=CONNECTED}, {address=ac-o2suyf6-shard-00-01.7qtbnuz.mongodb.net:27017, type=REPLICA_SET_SECONDARY, TagSet{[Tag{name='nodeType', value='ELECTABLE'}, Tag{name='provider', value='AWS'}, Tag{name='region', value='EU_WEST_3'}, Tag{name='workloadType', value='OPERATIONAL'}]}, roundTripTime=384.7 ms, state=CONNECTED}]
17:16:57.904 [cluster-ClusterId{value='63dfd66e1070f8213392bf10', description='null'}-ac-o2suyf6-shard-00-00.7qtbnuz.mongodb.net:27017] DEBUG org.mongodb.driver.cluster - Checking status of ac-o2suyf6-shard-00-00.7qtbnuz.mongodb.net:27017
17:16:58.281 [Test worker] DEBUG io.mockk.impl.instantiation.AbstractMockFactory - Creating mockk for MaquinaRepositoryCached name=repoM#172
17:16:58.281 [Test worker] DEBUG io.mockk.impl.instantiation.AbstractMockFactory - Creating mockk for PedidoRepositoryCached name=repoPedido#173
17:16:58.281 [Test worker] DEBUG io.mockk.impl.instantiation.AbstractMockFactory - Creating mockk for ProductoRepositoryCached name=repoProd#174
17:16:58.282 [Test worker] DEBUG io.mockk.impl.instantiation.AbstractMockFactory - Creating mockk for TareaRepositoryCached name=repoTarea#175
17:16:58.283 [Test worker] DEBUG io.mockk.impl.instantiation.AbstractMockFactory - Creating mockk for TurnoRepositoryCached name=repoTurno#176
17:16:58.284 [Test worker] DEBUG io.mockk.impl.instantiation.AbstractMockFactory - Creating mockk for UserRepositoryCached name=repoUser#177
17:16:58.294 [Test worker @coroutine#155] DEBUG io.mockk.impl.instantiation.AbstractMockFactory - Creating mockk for Maquina name=child of repoM#172#178
17:16:58.298 [Test worker @coroutine#155] DEBUG io.mockk.impl.instantiation.AbstractMockFactory - Creating mockk for Maquina name=child of repoM#172#179
17:16:58.926 [Test worker] DEBUG io.mockk.impl.instantiation.AbstractMockFactory - Creating mockk for MaquinaRepositoryCached name=repoM#180
17:16:58.926 [Test worker] DEBUG io.mockk.impl.instantiation.AbstractMockFactory - Creating mockk for PedidoRepositoryCached name=repoPedido#181
17:16:58.926 [Test worker] DEBUG io.mockk.impl.instantiation.AbstractMockFactory - Creating mockk for ProductoRepositoryCached name=repoProd#182
17:16:58.927 [Test worker] DEBUG io.mockk.impl.instantiation.AbstractMockFactory - Creating mockk for TareaRepositoryCached name=repoTarea#183
17:16:58.927 [Test worker] DEBUG io.mockk.impl.instantiation.AbstractMockFactory - Creating mockk for TurnoRepositoryCached name=repoTurno#184
17:16:58.927 [Test worker] DEBUG io.mockk.impl.instantiation.AbstractMockFactory - Creating mockk for UserRepositoryCached name=repoUser#185
17:16:58.934 [Test worker @coroutine#163] DEBUG io.mockk.impl.instantiation.AbstractMockFactory - Creating mockk for Maquina name=child of repoM#180#186
17:16:58.939 [Test worker @coroutine#163] DEBUG io.mockk.impl.instantiation.AbstractMockFactory - Creating mockk for Maquina name=child of repoM#180#187
17:16:58.942 [DefaultDispatcher-worker-3 @coroutine#168] DEBUG io.mockk.impl.recording.states.AnsweringState - Answering Maquina(id=63dfd67a1070f8213392bf90, uuid=93a98d69-0008-48a7-b34f-05b596ea83bb, modelo=RTX-3080TI, marca=Nvidia, fechaAdquisicion=2022-11-10, numeroSerie=123456789X, tipo=PERSONALIZADORA, activa=true, isManual=null, maxTension=null, minTension=null, measuresManeuverability=true, measuresRigidity=false, measuresBalance=true) on MaquinaRepositoryCached(repoM#180).findByUUID(93a98d69-0008-48a7-b34f-05b596ea83bb, continuation {})
17:16:58.943 [DefaultDispatcher-worker-3 @coroutine#168] DEBUG io.mockk.impl.recording.states.AnsweringState - Answering Maquina(id=63dfd67a1070f8213392bf90, uuid=93a98d69-0008-48a7-b34f-05b596ea83bb, modelo=RTX-3080TI, marca=Nvidia, fechaAdquisicion=2022-11-10, numeroSerie=123456789X, tipo=PERSONALIZADORA, activa=true, isManual=null, maxTension=null, minTension=null, measuresManeuverability=true, measuresRigidity=false, measuresBalance=true) on MaquinaRepositoryCached(repoM#180).setInactive(63dfd67a1070f8213392bf90, continuation {})
17:16:59.553 [Test worker] DEBUG io.mockk.impl.instantiation.AbstractMockFactory - Creating mockk for MaquinaRepositoryCached name=repoM#188
17:16:59.553 [Test worker] DEBUG io.mockk.impl.instantiation.AbstractMockFactory - Creating mockk for PedidoRepositoryCached name=repoPedido#189
17:16:59.554 [Test worker] DEBUG io.mockk.impl.instantiation.AbstractMockFactory - Creating mockk for ProductoRepositoryCached name=repoProd#190
17:16:59.554 [Test worker] DEBUG io.mockk.impl.instantiation.AbstractMockFactory - Creating mockk for TareaRepositoryCached name=repoTarea#191
17:16:59.554 [Test worker] DEBUG io.mockk.impl.instantiation.AbstractMockFactory - Creating mockk for TurnoRepositoryCached name=repoTurno#192
17:16:59.554 [Test worker] DEBUG io.mockk.impl.instantiation.AbstractMockFactory - Creating mockk for UserRepositoryCached name=repoUser#193
17:16:59.561 [Test worker @coroutine#171] DEBUG io.mockk.impl.instantiation.AbstractMockFactory - Creating mockk for Tarea name=child of repoTarea#191#194
17:16:59.562 [Test worker @coroutine#171] DEBUG io.mockk.impl.instantiation.AbstractMockFactory - Creating mockk for Tarea name=child of repoTarea#191#195
17:16:59.566 [DefaultDispatcher-worker-3 @coroutine#176] DEBUG io.mockk.impl.recording.states.AnsweringState - Answering Tarea(id=63dfd67b1070f8213392bf99, uuid=93a98d69-0013-48a7-b34f-05b596ea83cc, raquetaId=93a98d69-0001-48a7-b34f-05b596ea83ba, precio=36.4, tipo=PERSONALIZACION, finalizada=true, pedidoId=93a98d69-0010-48a7-b34f-05b596ea8acc, productoAdquiridoId=93a98d69-0004-48a7-b34f-05b596ea83aa, peso=10, balance=2.0, rigidez=5, tensionHorizontal=null, cordajeHorizontalId=null, tensionVertical=null, cordajeVerticalId=null, dosNudos=null) on TareaRepositoryCached(repoTarea#191).findByUUID(93a98d69-0013-48a7-b34f-05b596ea83cc, continuation {})
17:16:59.566 [DefaultDispatcher-worker-3 @coroutine#176] DEBUG io.mockk.impl.recording.states.AnsweringState - Answering null on TareaRepositoryCached(repoTarea#191).delete(63dfd67b1070f8213392bf99, continuation {})
17:17:00.168 [Test worker] DEBUG io.mockk.impl.instantiation.AbstractMockFactory - Creating mockk for MaquinaRepositoryCached name=repoM#196
17:17:00.169 [Test worker] DEBUG io.mockk.impl.instantiation.AbstractMockFactory - Creating mockk for PedidoRepositoryCached name=repoPedido#197
17:17:00.170 [Test worker] DEBUG io.mockk.impl.instantiation.AbstractMockFactory - Creating mockk for ProductoRepositoryCached name=repoProd#198
17:17:00.170 [Test worker] DEBUG io.mockk.impl.instantiation.AbstractMockFactory - Creating mockk for TareaRepositoryCached name=repoTarea#199
17:17:00.170 [Test worker] DEBUG io.mockk.impl.instantiation.AbstractMockFactory - Creating mockk for TurnoRepositoryCached name=repoTurno#200
17:17:00.171 [Test worker] DEBUG io.mockk.impl.instantiation.AbstractMockFactory - Creating mockk for UserRepositoryCached name=repoUser#201
[...]
17:17:44.061 [async-channel-group-0-handler-executor] DEBUG org.mongodb.driver.protocol.command - Execution of command with request id 55 completed successfully in 42.31 ms on connection [connectionId{localValue:7, serverValue:175676}] to server ac-o2suyf6-shard-00-02.7qtbnuz.mongodb.net:27017
17:17:44.062 [async-channel-group-0-handler-executor] DEBUG org.mongodb.driver.operation - Received batch of 3 documents with cursorId 0 from server ac-o2suyf6-shard-00-02.7qtbnuz.mongodb.net:27017
17:17:44.062 [DefaultDispatcher-worker-1 @coroutine#559] DEBUG koin.repositories.maquina.MaquinaRepository - findByUUID(93a98d69-0008-48a7-b34f-05b596ea83bb)
17:17:44.064 [AsyncGetter-5-thread-1] DEBUG org.mongodb.driver.protocol.command - Sending command '{"find": "maquina", "filter": {}, "batchSize": 64, "$db": "practica03mongoIvanLoli", "$clusterTime": {"clusterTime": {"$timestamp": {"t": 1675613862, "i": 5}}, "signature": {"hash": {"$binary": {"base64": "gllet8rAvjC07a5RgIQVR6uvM3E=", "subType": "00"}}, "keyId": 7161871216054108163}}, "lsid": {"id": {"$binary": {"base64": "roMpFL3PQPawB+PlCM6O3Q==", "subType": "04"}}}}' with request id 56 to database practica03mongoIvanLoli on connection [connectionId{localValue:7, serverValue:175676}] to server ac-o2suyf6-shard-00-02.7qtbnuz.mongodb.net:27017
17:17:44.104 [async-channel-group-0-handler-executor] DEBUG org.mongodb.driver.protocol.command - Execution of command with request id 56 completed successfully in 40.83 ms on connection [connectionId{localValue:7, serverValue:175676}] to server ac-o2suyf6-shard-00-02.7qtbnuz.mongodb.net:27017
17:17:44.105 [async-channel-group-0-handler-executor] DEBUG org.mongodb.driver.operation - Received batch of 2 documents with cursorId 0 from server ac-o2suyf6-shard-00-02.7qtbnuz.mongodb.net:27017
17:17:44.106 [DefaultDispatcher-worker-1 @coroutine#559] DEBUG koin.repositories.tarea.TareaRepository - findByUUID(93a98d69-0013-48a7-b34f-05b596ea83cc)
17:17:44.107 [AsyncGetter-5-thread-1] DEBUG org.mongodb.driver.protocol.command - Sending command '{"find": "tarea", "filter": {}, "batchSize": 64, "$db": "practica03mongoIvanLoli", "$clusterTime": {"clusterTime": {"$timestamp": {"t": 1675613862, "i": 5}}, "signature": {"hash": {"$binary": {"base64": "gllet8rAvjC07a5RgIQVR6uvM3E=", "subType": "00"}}, "keyId": 7161871216054108163}}, "lsid": {"id": {"$binary": {"base64": "roMpFL3PQPawB+PlCM6O3Q==", "subType": "04"}}}}' with request id 57 to database practica03mongoIvanLoli on connection [connectionId{localValue:7, serverValue:175676}] to server ac-o2suyf6-shard-00-02.7qtbnuz.mongodb.net:27017
17:17:44.145 [async-channel-group-0-handler-executor] DEBUG org.mongodb.driver.protocol.command - Execution of command with request id 57 completed successfully in 38.56 ms on connection [connectionId{localValue:7, serverValue:175676}] to server ac-o2suyf6-shard-00-02.7qtbnuz.mongodb.net:27017
17:17:44.146 [async-channel-group-0-handler-executor] DEBUG org.mongodb.driver.operation - Received batch of 6 documents with cursorId 0 from server ac-o2suyf6-shard-00-02.7qtbnuz.mongodb.net:27017
17:17:44.823 [Test worker] DEBUG io.mockk.impl.instantiation.AbstractMockFactory - Creating mockk for MaquinaRepositoryCached name=repoM#621
17:17:44.823 [Test worker] DEBUG io.mockk.impl.instantiation.AbstractMockFactory - Creating mockk for PedidoRepositoryCached name=repoPedido#622
17:17:44.823 [Test worker] DEBUG io.mockk.impl.instantiation.AbstractMockFactory - Creating mockk for ProductoRepositoryCached name=repoProd#623
17:17:44.823 [Test worker] DEBUG io.mockk.impl.instantiation.AbstractMockFactory - Creating mockk for TareaRepositoryCached name=repoTarea#624
17:17:44.823 [Test worker] DEBUG io.mockk.impl.instantiation.AbstractMockFactory - Creating mockk for TurnoRepositoryCached name=repoTurno#625
17:17:44.823 [Test worker] DEBUG io.mockk.impl.instantiation.AbstractMockFactory - Creating mockk for UserRepositoryCached name=repoUser#626
17:17:44.829 [Test worker @coroutine#562] DEBUG io.mockk.impl.instantiation.AbstractMockFactory - Creating mockk for Flow name=child of repoM#621#627
17:17:44.831 [DefaultDispatcher-worker-1 @coroutine#565] DEBUG io.mockk.impl.recording.states.AnsweringState - Answering kotlinx.coroutines.flow.FlowKt__BuildersKt$flowOf$$inlined$unsafeFlow$1@4aed1e1e on MaquinaRepositoryCached(repoM#621).findAll(continuation {})
17:17:45.496 [Test worker] DEBUG io.mockk.impl.instantiation.AbstractMockFactory - Creating mockk for MaquinaRepositoryCached name=repoM#628
17:17:45.496 [Test worker] DEBUG io.mockk.impl.instantiation.AbstractMockFactory - Creating mockk for PedidoRepositoryCached name=repoPedido#629
17:17:45.496 [Test worker] DEBUG io.mockk.impl.instantiation.AbstractMockFactory - Creating mockk for ProductoRepositoryCached name=repoProd#630
17:17:45.497 [Test worker] DEBUG io.mockk.impl.instantiation.AbstractMockFactory - Creating mockk for TareaRepositoryCached name=repoTarea#631
17:17:45.497 [Test worker] DEBUG io.mockk.impl.instantiation.AbstractMockFactory - Creating mockk for TurnoRepositoryCached name=repoTurno#632
17:17:45.497 [Test worker] DEBUG io.mockk.impl.instantiation.AbstractMockFactory - Creating mockk for UserRepositoryCached name=repoUser#633
17:17:45.505 [Test worker @coroutine#568] DEBUG io.mockk.impl.instantiation.AbstractMockFactory - Creating mockk for Tarea name=child of repoTarea#631#634
17:17:45.508 [Test worker @coroutine#568] DEBUG io.mockk.impl.instantiation.AbstractMockFactory - Creating mockk for Tarea name=child of repoTarea#631#635
17:17:46.208 [Test worker] DEBUG io.mockk.impl.instantiation.AbstractMockFactory - Creating mockk for MaquinaRepositoryCached name=repoM#636
17:17:46.209 [Test worker] DEBUG io.mockk.impl.instantiation.AbstractMockFactory - Creating mockk for PedidoRepositoryCached name=repoPedido#637
17:17:46.210 [Test worker] DEBUG io.mockk.impl.instantiation.AbstractMockFactory - Creating mockk for ProductoRepositoryCached name=repoProd#638
17:17:46.210 [Test worker] DEBUG io.mockk.impl.instantiation.AbstractMockFactory - Creating mockk for TareaRepositoryCached name=repoTarea#639
17:17:46.211 [Test worker] DEBUG io.mockk.impl.instantiation.AbstractMockFactory - Creating mockk for TurnoRepositoryCached name=repoTurno#640
17:17:46.211 [Test worker] DEBUG io.mockk.impl.instantiation.AbstractMockFactory - Creating mockk for UserRepositoryCached name=repoUser#641
17:17:46.218 [Test worker @coroutine#576] DEBUG io.mockk.impl.instantiation.AbstractMockFactory - Creating mockk for User name=child of repoUser#641#642
17:17:46.224 [Test worker @coroutine#576] DEBUG io.mockk.impl.instantiation.AbstractMockFactory - Creating mockk for User name=child of repoUser#641#643
17:17:46.959 [Test worker] DEBUG io.mockk.impl.instantiation.AbstractMockFactory - Creating mockk for MaquinaRepositoryCached name=repoM#644
17:17:46.959 [Test worker] DEBUG io.mockk.impl.instantiation.AbstractMockFactory - Creating mockk for PedidoRepositoryCached name=repoPedido#645
17:17:46.959 [Test worker] DEBUG io.mockk.impl.instantiation.AbstractMockFactory - Creating mockk for ProductoRepositoryCached name=repoProd#646
17:17:46.959 [Test worker] DEBUG io.mockk.impl.instantiation.AbstractMockFactory - Creating mockk for TareaRepositoryCached name=repoTarea#647
17:17:46.959 [Test worker] DEBUG io.mockk.impl.instantiation.AbstractMockFactory - Creating mockk for TurnoRepositoryCached name=repoTurno#648
17:17:46.959 [Test worker] DEBUG io.mockk.impl.instantiation.AbstractMockFactory - Creating mockk for UserRepositoryCached name=repoUser#649
17:17:46.964 [Test worker @coroutine#584] DEBUG io.mockk.impl.instantiation.AbstractMockFactory - Creating mockk for User name=child of repoUser#649#650
17:17:46.966 [Test worker @coroutine#584] DEBUG io.mockk.impl.instantiation.AbstractMockFactory - Creating mockk for User name=child of repoUser#649#651
17:17:46.970 [Test worker @coroutine#584] DEBUG io.mockk.impl.instantiation.AbstractMockFactory - Creating mockk for User name=child of repoUser#649#652
17:17:46.973 [Test worker @coroutine#584] DEBUG io.mockk.impl.instantiation.AbstractMockFactory - Creating mockk for User name=child of repoUser#649#653
17:17:47.642 [Test worker] DEBUG io.mockk.impl.instantiation.AbstractMockFactory - Creating mockk for MaquinaRepositoryCached name=repoM#654
17:17:47.642 [Test worker] DEBUG io.mockk.impl.instantiation.AbstractMockFactory - Creating mockk for PedidoRepositoryCached name=repoPedido#655
17:17:47.643 [Test worker] DEBUG io.mockk.impl.instantiation.AbstractMockFactory - Creating mockk for ProductoRepositoryCached name=repoProd#656
17:17:47.643 [Test worker] DEBUG io.mockk.impl.instantiation.AbstractMockFactory - Creating mockk for TareaRepositoryCached name=repoTarea#657
17:17:47.643 [Test worker] DEBUG io.mockk.impl.instantiation.AbstractMockFactory - Creating mockk for TurnoRepositoryCached name=repoTurno#658
17:17:47.643 [Test worker] DEBUG io.mockk.impl.instantiation.AbstractMockFactory - Creating mockk for UserRepositoryCached name=repoUser#659
17:17:47.649 [Test worker @coroutine#594] DEBUG io.mockk.impl.instantiation.AbstractMockFactory - Creating mockk for Producto name=child of repoProd#656#660
17:17:47.833 [MaintenanceTimer-6-thread-1] DEBUG org.mongodb.driver.connection - Pruning pooled connections to ac-o2suyf6-shard-00-01.7qtbnuz.mongodb.net:27017
17:17:47.848 [MaintenanceTimer-4-thread-1] DEBUG org.mongodb.driver.connection - Pruning pooled connections to ac-o2suyf6-shard-00-02.7qtbnuz.mongodb.net:27017
17:17:47.848 [MaintenanceTimer-2-thread-1] DEBUG org.mongodb.driver.connection - Pruning pooled connections to ac-o2suyf6-shard-00-00.7qtbnuz.mongodb.net:27017
17:17:47.939 [cluster-ClusterId{value='63dfd66e1070f8213392bf10', description='null'}-ac-o2suyf6-shard-00-01.7qtbnuz.mongodb.net:27017] DEBUG org.mongodb.driver.cluster - Updating cluster description to  {type=REPLICA_SET, servers=[{address=ac-o2suyf6-shard-00-00.7qtbnuz.mongodb.net:27017, type=REPLICA_SET_SECONDARY, TagSet{[Tag{name='nodeType', value='ELECTABLE'}, Tag{name='provider', value='AWS'}, Tag{name='region', value='EU_WEST_3'}, Tag{name='workloadType', value='OPERATIONAL'}]}, roundTripTime=226.1 ms, state=CONNECTED}, {address=ac-o2suyf6-shard-00-02.7qtbnuz.mongodb.net:27017, type=REPLICA_SET_PRIMARY, TagSet{[Tag{name='nodeType', value='ELECTABLE'}, Tag{name='provider', value='AWS'}, Tag{name='region', value='EU_WEST_3'}, Tag{name='workloadType', value='OPERATIONAL'}]}, roundTripTime=226.7 ms, state=CONNECTED}, {address=ac-o2suyf6-shard-00-01.7qtbnuz.mongodb.net:27017, type=REPLICA_SET_SECONDARY, TagSet{[Tag{name='nodeType', value='ELECTABLE'}, Tag{name='provider', value='AWS'}, Tag{name='region', value='EU_WEST_3'}, Tag{name='workloadType', value='OPERATIONAL'}]}, roundTripTime=195.1 ms, state=CONNECTED}]
17:17:47.940 [cluster-ClusterId{value='63dfd66e1070f8213392bf10', description='null'}-ac-o2suyf6-shard-00-01.7qtbnuz.mongodb.net:27017] DEBUG org.mongodb.driver.cluster - Checking status of ac-o2suyf6-shard-00-01.7qtbnuz.mongodb.net:27017
17:17:47.940 [cluster-ClusterId{value='63dfd66e1070f8213392bf10', description='null'}-ac-o2suyf6-shard-00-02.7qtbnuz.mongodb.net:27017] DEBUG org.mongodb.driver.cluster - Updating cluster description to  {type=REPLICA_SET, servers=[{address=ac-o2suyf6-shard-00-00.7qtbnuz.mongodb.net:27017, type=REPLICA_SET_SECONDARY, TagSet{[Tag{name='nodeType', value='ELECTABLE'}, Tag{name='provider', value='AWS'}, Tag{name='region', value='EU_WEST_3'}, Tag{name='workloadType', value='OPERATIONAL'}]}, roundTripTime=226.1 ms, state=CONNECTED}, {address=ac-o2suyf6-shard-00-02.7qtbnuz.mongodb.net:27017, type=REPLICA_SET_PRIMARY, TagSet{[Tag{name='nodeType', value='ELECTABLE'}, Tag{name='provider', value='AWS'}, Tag{name='region', value='EU_WEST_3'}, Tag{name='workloadType', value='OPERATIONAL'}]}, roundTripTime=189.6 ms, state=CONNECTED}, {address=ac-o2suyf6-shard-00-01.7qtbnuz.mongodb.net:27017, type=REPLICA_SET_SECONDARY, TagSet{[Tag{name='nodeType', value='ELECTABLE'}, Tag{name='provider', value='AWS'}, Tag{name='region', value='EU_WEST_3'}, Tag{name='workloadType', value='OPERATIONAL'}]}, roundTripTime=195.1 ms, state=CONNECTED}]
17:17:47.940 [cluster-ClusterId{value='63dfd66e1070f8213392bf10', description='null'}-ac-o2suyf6-shard-00-02.7qtbnuz.mongodb.net:27017] DEBUG org.mongodb.driver.cluster - Checking status of ac-o2suyf6-shard-00-02.7qtbnuz.mongodb.net:27017
17:17:47.958 [cluster-ClusterId{value='63dfd66e1070f8213392bf10', description='null'}-ac-o2suyf6-shard-00-00.7qtbnuz.mongodb.net:27017] DEBUG org.mongodb.driver.cluster - Updating cluster description to  {type=REPLICA_SET, servers=[{address=ac-o2suyf6-shard-00-00.7qtbnuz.mongodb.net:27017, type=REPLICA_SET_SECONDARY, TagSet{[Tag{name='nodeType', value='ELECTABLE'}, Tag{name='provider', value='AWS'}, Tag{name='region', value='EU_WEST_3'}, Tag{name='workloadType', value='OPERATIONAL'}]}, roundTripTime=194.3 ms, state=CONNECTED}, {address=ac-o2suyf6-shard-00-02.7qtbnuz.mongodb.net:27017, type=REPLICA_SET_PRIMARY, TagSet{[Tag{name='nodeType', value='ELECTABLE'}, Tag{name='provider', value='AWS'}, Tag{name='region', value='EU_WEST_3'}, Tag{name='workloadType', value='OPERATIONAL'}]}, roundTripTime=189.6 ms, state=CONNECTED}, {address=ac-o2suyf6-shard-00-01.7qtbnuz.mongodb.net:27017, type=REPLICA_SET_SECONDARY, TagSet{[Tag{name='nodeType', value='ELECTABLE'}, Tag{name='provider', value='AWS'}, Tag{name='region', value='EU_WEST_3'}, Tag{name='workloadType', value='OPERATIONAL'}]}, roundTripTime=195.1 ms, state=CONNECTED}]
17:17:47.959 [cluster-ClusterId{value='63dfd66e1070f8213392bf10', description='null'}-ac-o2suyf6-shard-00-00.7qtbnuz.mongodb.net:27017] DEBUG org.mongodb.driver.cluster - Checking status of ac-o2suyf6-shard-00-00.7qtbnuz.mongodb.net:27017
17:17:48.035 [cluster-rtt-ClusterId{value='63dfd66e1070f8213392bf10', description='null'}-ac-o2suyf6-shard-00-01.7qtbnuz.mongodb.net:27017] DEBUG org.mongodb.driver.protocol.command - Sending command '{"hello": 1, "$db": "admin", "$clusterTime": {"clusterTime": {"$timestamp": {"t": 1675613866, "i": 3}}, "signature": {"hash": {"$binary": {"base64": "mty+yU8OBv53xpdqtMtwqvs7Bjk=", "subType": "00"}}, "keyId": 7161871216054108163}}}' with request id 58 to database admin on connection [connectionId{localValue:3, serverValue:172264}] to server ac-o2suyf6-shard-00-01.7qtbnuz.mongodb.net:27017
17:17:48.035 [cluster-rtt-ClusterId{value='63dfd66e1070f8213392bf10', description='null'}-ac-o2suyf6-shard-00-00.7qtbnuz.mongodb.net:27017] DEBUG org.mongodb.driver.protocol.command - Sending command '{"hello": 1, "$db": "admin", "$clusterTime": {"clusterTime": {"$timestamp": {"t": 1675613866, "i": 3}}, "signature": {"hash": {"$binary": {"base64": "mty+yU8OBv53xpdqtMtwqvs7Bjk=", "subType": "00"}}, "keyId": 7161871216054108163}}}' with request id 59 to database admin on connection [connectionId{localValue:1, serverValue:176600}] to server ac-o2suyf6-shard-00-00.7qtbnuz.mongodb.net:27017
17:17:48.064 [cluster-rtt-ClusterId{value='63dfd66e1070f8213392bf10', description='null'}-ac-o2suyf6-shard-00-00.7qtbnuz.mongodb.net:27017] DEBUG org.mongodb.driver.protocol.command - Execution of command with request id 59 completed successfully in 29.21 ms on connection [connectionId{localValue:1, serverValue:176600}] to server ac-o2suyf6-shard-00-00.7qtbnuz.mongodb.net:27017
17:17:48.064 [cluster-rtt-ClusterId{value='63dfd66e1070f8213392bf10', description='null'}-ac-o2suyf6-shard-00-01.7qtbnuz.mongodb.net:27017] DEBUG org.mongodb.driver.protocol.command - Execution of command with request id 58 completed successfully in 29.74 ms on connection [connectionId{localValue:3, serverValue:172264}] to server ac-o2suyf6-shard-00-01.7qtbnuz.mongodb.net:27017
17:17:48.315 [Test worker] DEBUG io.mockk.impl.instantiation.AbstractMockFactory - Creating mockk for MaquinaRepositoryCached name=repoM#661
17:17:48.315 [Test worker] DEBUG io.mockk.impl.instantiation.AbstractMockFactory - Creating mockk for PedidoRepositoryCached name=repoPedido#662
17:17:48.315 [Test worker] DEBUG io.mockk.impl.instantiation.AbstractMockFactory - Creating mockk for ProductoRepositoryCached name=repoProd#663
17:17:48.315 [Test worker] DEBUG io.mockk.impl.instantiation.AbstractMockFactory - Creating mockk for TareaRepositoryCached name=repoTarea#664
17:17:48.315 [Test worker] DEBUG io.mockk.impl.instantiation.AbstractMockFactory - Creating mockk for TurnoRepositoryCached name=repoTurno#665
17:17:48.315 [Test worker] DEBUG io.mockk.impl.instantiation.AbstractMockFactory - Creating mockk for UserRepositoryCached name=repoUser#666
17:17:48.323 [Test worker @coroutine#598] DEBUG io.mockk.impl.instantiation.AbstractMockFactory - Creating mockk for Producto name=child of repoProd#663#667
17:17:48.325 [Test worker @coroutine#598] DEBUG io.mockk.impl.instantiation.AbstractMockFactory - Creating mockk for Producto name=child of repoProd#663#668
17:17:48.328 [DefaultDispatcher-worker-1 @coroutine#603] DEBUG io.mockk.impl.recording.states.AnsweringState - Answering Producto(id=63dfd6ac1070f8213392c20a, uuid=93a98d69-0004-48a7-b34f-05b596ea83aa, tipo=FUNDAS, marca=MarcaZ, modelo=ModeloZ, precio=36.4, stock=8) on ProductoRepositoryCached(repoProd#663).findByUUID(93a98d69-0004-48a7-b34f-05b596ea83aa, continuation {})
17:17:48.329 [DefaultDispatcher-worker-1 @coroutine#603] DEBUG io.mockk.impl.recording.states.AnsweringState - Answering null on ProductoRepositoryCached(repoProd#663).delete(63dfd6ac1070f8213392c20a, continuation {})
17:17:48.423 [cluster-rtt-ClusterId{value='63dfd66e1070f8213392bf10', description='null'}-ac-o2suyf6-shard-00-02.7qtbnuz.mongodb.net:27017] DEBUG org.mongodb.driver.protocol.command - Sending command '{"hello": 1, "$db": "admin", "$clusterTime": {"clusterTime": {"$timestamp": {"t": 1675613866, "i": 4}}, "signature": {"hash": {"$binary": {"base64": "mty+yU8OBv53xpdqtMtwqvs7Bjk=", "subType": "00"}}, "keyId": 7161871216054108163}}}' with request id 60 to database admin on connection [connectionId{localValue:4, serverValue:175716}] to server ac-o2suyf6-shard-00-02.7qtbnuz.mongodb.net:27017
17:17:48.465 [cluster-rtt-ClusterId{value='63dfd66e1070f8213392bf10', description='null'}-ac-o2suyf6-shard-00-02.7qtbnuz.mongodb.net:27017] DEBUG org.mongodb.driver.protocol.command - Execution of command with request id 60 completed successfully in 42.44 ms on connection [connectionId{localValue:4, serverValue:175716}] to server ac-o2suyf6-shard-00-02.7qtbnuz.mongodb.net:27017
17:17:49.433 [Test worker] DEBUG io.mockk.impl.instantiation.AbstractMockFactory - Creating mockk for MaquinaRepositoryCached name=repoM#669
17:17:49.434 [Test worker] DEBUG io.mockk.impl.instantiation.AbstractMockFactory - Creating mockk for PedidoRepositoryCached name=repoPedido#670
17:17:49.435 [Test worker] DEBUG io.mockk.impl.instantiation.AbstractMockFactory - Creating mockk for ProductoRepositoryCached name=repoProd#671
17:17:49.435 [Test worker] DEBUG io.mockk.impl.instantiation.AbstractMockFactory - Creating mockk for TareaRepositoryCached name=repoTarea#672
17:17:49.436 [Test worker] DEBUG io.mockk.impl.instantiation.AbstractMockFactory - Creating mockk for TurnoRepositoryCached name=repoTurno#673
17:17:49.436 [Test worker] DEBUG io.mockk.impl.instantiation.AbstractMockFactory - Creating mockk for UserRepositoryCached name=repoUser#674
17:17:49.463 [Test worker @coroutine#606] DEBUG io.mockk.impl.instantiation.AbstractMockFactory - Creating mockk for Maquina name=child of repoM#669#675
17:17:49.466 [DefaultDispatcher-worker-1 @coroutine#609] DEBUG io.mockk.impl.recording.states.AnsweringState - Answering null on MaquinaRepositoryCached(repoM#669).findByUUID(c85194ce-3f50-4d9c-93f0-ada100b8c5c3, continuation {})
]]></system-out>
  <system-err><![CDATA[]]></system-err>
</testsuite>
